{"/Users/thierno/Documents/cadum/MenuM/app/_layout.tsx": {"path":"/Users/thierno/Documents/cadum/MenuM/app/_layout.tsx","statementMap":{"0":{"start":{"line":12,"column":0},"end":{"line":12,"column":36}},"1":{"start":{"line":15,"column":28},"end":{"line":52,"column":6}},"2":{"start":{"line":54,"column":4},"end":{"line":58,"column":25}},"3":{"start":{"line":55,"column":8},"end":{"line":57,"column":9}},"4":{"start":{"line":56,"column":12},"end":{"line":56,"column":37}},"5":{"start":{"line":60,"column":4},"end":{"line":62,"column":5}},"6":{"start":{"line":61,"column":8},"end":{"line":61,"column":20}},"7":{"start":{"line":64,"column":4},"end":{"line":74,"column":5}}},"fnMap":{"0":{"name":"RootLayout","decl":{"start":{"line":14,"column":24},"end":{"line":14,"column":34}},"loc":{"start":{"line":14,"column":37},"end":{"line":75,"column":1}},"line":14},"1":{"name":"(anonymous_1)","decl":{"start":{"line":54,"column":14},"end":{"line":54,"column":15}},"loc":{"start":{"line":54,"column":20},"end":{"line":58,"column":5}},"line":54}},"branchMap":{"0":{"loc":{"start":{"line":55,"column":8},"end":{"line":57,"column":9}},"type":"if","locations":[{"start":{"line":55,"column":8},"end":{"line":57,"column":9}},{"start":{},"end":{}}],"line":55},"1":{"loc":{"start":{"line":55,"column":12},"end":{"line":55,"column":27}},"type":"binary-expr","locations":[{"start":{"line":55,"column":12},"end":{"line":55,"column":18}},{"start":{"line":55,"column":22},"end":{"line":55,"column":27}}],"line":55},"2":{"loc":{"start":{"line":60,"column":4},"end":{"line":62,"column":5}},"type":"if","locations":[{"start":{"line":60,"column":4},"end":{"line":62,"column":5}},{"start":{},"end":{}}],"line":60},"3":{"loc":{"start":{"line":60,"column":8},"end":{"line":60,"column":24}},"type":"binary-expr","locations":[{"start":{"line":60,"column":8},"end":{"line":60,"column":15}},{"start":{"line":60,"column":19},"end":{"line":60,"column":24}}],"line":60}},"s":{"0":0,"1":0,"2":0,"3":0,"4":0,"5":0,"6":0,"7":0},"f":{"0":0,"1":0},"b":{"0":[0,0],"1":[0,0],"2":[0,0],"3":[0,0]}}
,"/Users/thierno/Documents/cadum/MenuM/app/(auth)/_layout.tsx": {"path":"/Users/thierno/Documents/cadum/MenuM/app/(auth)/_layout.tsx","statementMap":{"0":{"start":{"line":8,"column":2},"end":{"line":12,"column":3}}},"fnMap":{"0":{"name":"OnboardingLayout","decl":{"start":{"line":7,"column":24},"end":{"line":7,"column":40}},"loc":{"start":{"line":7,"column":43},"end":{"line":13,"column":1}},"line":7}},"branchMap":{},"s":{"0":0},"f":{"0":0},"b":{}}
,"/Users/thierno/Documents/cadum/MenuM/app/(auth)/sign-in.tsx": {"path":"/Users/thierno/Documents/cadum/MenuM/app/(auth)/sign-in.tsx","statementMap":{"0":{"start":{"line":6,"column":2},"end":{"line":11,"column":3}}},"fnMap":{"0":{"name":"SignInScreen","decl":{"start":{"line":5,"column":24},"end":{"line":5,"column":36}},"loc":{"start":{"line":5,"column":39},"end":{"line":12,"column":1}},"line":5}},"branchMap":{},"s":{"0":0},"f":{"0":0},"b":{}}
,"/Users/thierno/Documents/cadum/MenuM/app/(auth)/sign-up.tsx": {"path":"/Users/thierno/Documents/cadum/MenuM/app/(auth)/sign-up.tsx","statementMap":{"0":{"start":{"line":6,"column":2},"end":{"line":11,"column":3}}},"fnMap":{"0":{"name":"SignUpScreen","decl":{"start":{"line":5,"column":24},"end":{"line":5,"column":36}},"loc":{"start":{"line":5,"column":39},"end":{"line":12,"column":1}},"line":5}},"branchMap":{},"s":{"0":0},"f":{"0":0},"b":{}}
,"/Users/thierno/Documents/cadum/MenuM/app/(main)/_layout.tsx": {"path":"/Users/thierno/Documents/cadum/MenuM/app/(main)/_layout.tsx","statementMap":{"0":{"start":{"line":8,"column":4},"end":{"line":61,"column":4}},"1":{"start":{"line":15,"column":47},"end":{"line":15,"column":98}},"2":{"start":{"line":24,"column":47},"end":{"line":24,"column":99}},"3":{"start":{"line":33,"column":47},"end":{"line":33,"column":109}},"4":{"start":{"line":42,"column":47},"end":{"line":42,"column":97}}},"fnMap":{"0":{"name":"TabLayout","decl":{"start":{"line":7,"column":24},"end":{"line":7,"column":33}},"loc":{"start":{"line":7,"column":36},"end":{"line":62,"column":1}},"line":7},"1":{"name":"(anonymous_1)","decl":{"start":{"line":15,"column":32},"end":{"line":15,"column":33}},"loc":{"start":{"line":15,"column":47},"end":{"line":15,"column":98}},"line":15},"2":{"name":"(anonymous_2)","decl":{"start":{"line":24,"column":32},"end":{"line":24,"column":33}},"loc":{"start":{"line":24,"column":47},"end":{"line":24,"column":99}},"line":24},"3":{"name":"(anonymous_3)","decl":{"start":{"line":33,"column":32},"end":{"line":33,"column":33}},"loc":{"start":{"line":33,"column":47},"end":{"line":33,"column":109}},"line":33},"4":{"name":"(anonymous_4)","decl":{"start":{"line":42,"column":32},"end":{"line":42,"column":33}},"loc":{"start":{"line":42,"column":47},"end":{"line":42,"column":97}},"line":42}},"branchMap":{},"s":{"0":0,"1":0,"2":0,"3":0,"4":0},"f":{"0":0,"1":0,"2":0,"3":0,"4":0},"b":{}}
,"/Users/thierno/Documents/cadum/MenuM/app/(main)/favoris.tsx": {"path":"/Users/thierno/Documents/cadum/MenuM/app/(main)/favoris.tsx","statementMap":{"0":{"start":{"line":6,"column":2},"end":{"line":12,"column":3}}},"fnMap":{"0":{"name":"FavorisScreen","decl":{"start":{"line":5,"column":24},"end":{"line":5,"column":37}},"loc":{"start":{"line":5,"column":40},"end":{"line":13,"column":1}},"line":5}},"branchMap":{},"s":{"0":0},"f":{"0":0},"b":{}}
,"/Users/thierno/Documents/cadum/MenuM/app/(main)/index.tsx": {"path":"/Users/thierno/Documents/cadum/MenuM/app/(main)/index.tsx","statementMap":{"0":{"start":{"line":33,"column":30},"end":{"line":33,"column":34}},"1":{"start":{"line":34,"column":2},"end":{"line":34,"column":73}},"2":{"start":{"line":34,"column":28},"end":{"line":34,"column":73}},"3":{"start":{"line":36,"column":2},"end":{"line":48,"column":4}},"4":{"start":{"line":51,"column":15},"end":{"line":59,"column":2}}},"fnMap":{"0":{"name":"HomeScreen","decl":{"start":{"line":21,"column":24},"end":{"line":21,"column":34}},"loc":{"start":{"line":21,"column":37},"end":{"line":49,"column":1}},"line":21}},"branchMap":{"0":{"loc":{"start":{"line":34,"column":2},"end":{"line":34,"column":73}},"type":"if","locations":[{"start":{"line":34,"column":2},"end":{"line":34,"column":73}},{"start":{},"end":{}}],"line":34}},"s":{"0":0,"1":0,"2":0,"3":0,"4":0},"f":{"0":0},"b":{"0":[0,0]}}
,"/Users/thierno/Documents/cadum/MenuM/app/(main)/pannier.tsx": {"path":"/Users/thierno/Documents/cadum/MenuM/app/(main)/pannier.tsx","statementMap":{"0":{"start":{"line":6,"column":2},"end":{"line":12,"column":3}}},"fnMap":{"0":{"name":"PannierScreen","decl":{"start":{"line":5,"column":24},"end":{"line":5,"column":37}},"loc":{"start":{"line":5,"column":40},"end":{"line":13,"column":1}},"line":5}},"branchMap":{},"s":{"0":0},"f":{"0":0},"b":{}}
,"/Users/thierno/Documents/cadum/MenuM/app/(main)/parametre.tsx": {"path":"/Users/thierno/Documents/cadum/MenuM/app/(main)/parametre.tsx","statementMap":{"0":{"start":{"line":6,"column":2},"end":{"line":12,"column":3}}},"fnMap":{"0":{"name":"ParametreScreen","decl":{"start":{"line":5,"column":24},"end":{"line":5,"column":39}},"loc":{"start":{"line":5,"column":42},"end":{"line":13,"column":1}},"line":5}},"branchMap":{},"s":{"0":0},"f":{"0":0},"b":{}}
,"/Users/thierno/Documents/cadum/MenuM/app/(main)/cafe/[id].tsx": {"path":"/Users/thierno/Documents/cadum/MenuM/app/(main)/cafe/[id].tsx","statementMap":{"0":{"start":{"line":8,"column":17},"end":{"line":8,"column":39}},"1":{"start":{"line":10,"column":2},"end":{"line":17,"column":4}}},"fnMap":{"0":{"name":"CafeScreen","decl":{"start":{"line":7,"column":24},"end":{"line":7,"column":34}},"loc":{"start":{"line":7,"column":37},"end":{"line":18,"column":1}},"line":7}},"branchMap":{},"s":{"0":0,"1":0},"f":{"0":0},"b":{}}
,"/Users/thierno/Documents/cadum/MenuM/app/(main)/cafe/article/[articleId].tsx": {"path":"/Users/thierno/Documents/cadum/MenuM/app/(main)/cafe/article/[articleId].tsx","statementMap":{"0":{"start":{"line":8,"column":24},"end":{"line":8,"column":46}},"1":{"start":{"line":9,"column":2},"end":{"line":9,"column":30}},"2":{"start":{"line":10,"column":2},"end":{"line":14,"column":4}}},"fnMap":{"0":{"name":"ArticleScreen","decl":{"start":{"line":7,"column":24},"end":{"line":7,"column":37}},"loc":{"start":{"line":7,"column":40},"end":{"line":15,"column":1}},"line":7}},"branchMap":{},"s":{"0":0,"1":0,"2":0},"f":{"0":0},"b":{}}
,"/Users/thierno/Documents/cadum/MenuM/app/(onboarding)/_layout.tsx": {"path":"/Users/thierno/Documents/cadum/MenuM/app/(onboarding)/_layout.tsx","statementMap":{"0":{"start":{"line":8,"column":2},"end":{"line":12,"column":3}}},"fnMap":{"0":{"name":"OnboardingLayout","decl":{"start":{"line":7,"column":24},"end":{"line":7,"column":40}},"loc":{"start":{"line":7,"column":43},"end":{"line":13,"column":1}},"line":7}},"branchMap":{},"s":{"0":0},"f":{"0":0},"b":{}}
,"/Users/thierno/Documents/cadum/MenuM/app/(onboarding)/first-onboarding.tsx": {"path":"/Users/thierno/Documents/cadum/MenuM/app/(onboarding)/first-onboarding.tsx","statementMap":{"0":{"start":{"line":7,"column":2},"end":{"line":17,"column":3}}},"fnMap":{"0":{"name":"FirstOnboardingScreen","decl":{"start":{"line":6,"column":24},"end":{"line":6,"column":45}},"loc":{"start":{"line":6,"column":48},"end":{"line":18,"column":1}},"line":6}},"branchMap":{},"s":{"0":0},"f":{"0":0},"b":{}}
,"/Users/thierno/Documents/cadum/MenuM/app/(onboarding)/second-onboarding.tsx": {"path":"/Users/thierno/Documents/cadum/MenuM/app/(onboarding)/second-onboarding.tsx","statementMap":{"0":{"start":{"line":7,"column":2},"end":{"line":12,"column":3}}},"fnMap":{"0":{"name":"SecondOnboardingScreen","decl":{"start":{"line":6,"column":24},"end":{"line":6,"column":46}},"loc":{"start":{"line":6,"column":49},"end":{"line":13,"column":1}},"line":6}},"branchMap":{},"s":{"0":0},"f":{"0":0},"b":{}}
,"/Users/thierno/Documents/cadum/MenuM/app/(onboarding)/third-onboarding.tsx": {"path":"/Users/thierno/Documents/cadum/MenuM/app/(onboarding)/third-onboarding.tsx","statementMap":{"0":{"start":{"line":6,"column":2},"end":{"line":11,"column":3}}},"fnMap":{"0":{"name":"ThirdOnboardingScreen","decl":{"start":{"line":5,"column":24},"end":{"line":5,"column":45}},"loc":{"start":{"line":5,"column":48},"end":{"line":12,"column":1}},"line":5}},"branchMap":{},"s":{"0":0},"f":{"0":0},"b":{}}
,"/Users/thierno/Documents/cadum/MenuM/components/common/OnboardingStatus.tsx": {"path":"/Users/thierno/Documents/cadum/MenuM/components/common/OnboardingStatus.tsx","statementMap":{"0":{"start":{"line":34,"column":2},"end":{"line":38,"column":3}}},"fnMap":{"0":{"name":"OnboardingStatusBar","decl":{"start":{"line":33,"column":24},"end":{"line":33,"column":43}},"loc":{"start":{"line":33,"column":78},"end":{"line":39,"column":1}},"line":33}},"branchMap":{},"s":{"0":0},"f":{"0":0},"b":{}}
,"/Users/thierno/Documents/cadum/MenuM/components/common/Options.tsx": {"path":"/Users/thierno/Documents/cadum/MenuM/components/common/Options.tsx","statementMap":{"0":{"start":{"line":10,"column":2},"end":{"line":14,"column":3}}},"fnMap":{"0":{"name":"Options","decl":{"start":{"line":9,"column":24},"end":{"line":9,"column":31}},"loc":{"start":{"line":9,"column":34},"end":{"line":15,"column":1}},"line":9}},"branchMap":{},"s":{"0":0},"f":{"0":0},"b":{}}
,"/Users/thierno/Documents/cadum/MenuM/components/common/SelectLocalisation.tsx": {"path":"/Users/thierno/Documents/cadum/MenuM/components/common/SelectLocalisation.tsx","statementMap":{"0":{"start":{"line":25,"column":4},"end":{"line":25,"column":59}},"1":{"start":{"line":27,"column":2},"end":{"line":55,"column":4}},"2":{"start":{"line":58,"column":15},"end":{"line":69,"column":2}}},"fnMap":{"0":{"name":"SelectLocalisation","decl":{"start":{"line":20,"column":24},"end":{"line":20,"column":42}},"loc":{"start":{"line":23,"column":28},"end":{"line":56,"column":1}},"line":23},"1":{"name":"handlePress","decl":{"start":{"line":24,"column":11},"end":{"line":24,"column":22}},"loc":{"start":{"line":24,"column":59},"end":{"line":26,"column":3}},"line":24}},"branchMap":{},"s":{"0":1,"1":3,"2":1},"f":{"0":3,"1":1},"b":{},"_coverageSchema":"1a1c01bbd47fc00a2c39e90264f33305004495a9","hash":"4c5a24c6449cac23687a82c8e250a2bbbe0e236e"}
,"/Users/thierno/Documents/cadum/MenuM/components/common/Tooltip.tsx": {"path":"/Users/thierno/Documents/cadum/MenuM/components/common/Tooltip.tsx","statementMap":{"0":{"start":{"line":10,"column":2},"end":{"line":14,"column":3}}},"fnMap":{"0":{"name":"Tooltip","decl":{"start":{"line":9,"column":24},"end":{"line":9,"column":31}},"loc":{"start":{"line":9,"column":34},"end":{"line":15,"column":1}},"line":9}},"branchMap":{},"s":{"0":0},"f":{"0":0},"b":{}}
,"/Users/thierno/Documents/cadum/MenuM/components/common/Auth/AccountInfo.tsx": {"path":"/Users/thierno/Documents/cadum/MenuM/components/common/Auth/AccountInfo.tsx","statementMap":{"0":{"start":{"line":18,"column":2},"end":{"line":30,"column":4}},"1":{"start":{"line":33,"column":15},"end":{"line":50,"column":2}}},"fnMap":{"0":{"name":"AccountInfo","decl":{"start":{"line":13,"column":24},"end":{"line":13,"column":35}},"loc":{"start":{"line":17,"column":21},"end":{"line":31,"column":1}},"line":17}},"branchMap":{"0":{"loc":{"start":{"line":14,"column":2},"end":{"line":14,"column":32}},"type":"default-arg","locations":[{"start":{"line":14,"column":10},"end":{"line":14,"column":32}}],"line":14}},"s":{"0":8,"1":2},"f":{"0":8},"b":{"0":[4]},"_coverageSchema":"1a1c01bbd47fc00a2c39e90264f33305004495a9","hash":"ee0c0f305b5bb9e64969f77b8bb6fe324e346ffb"}
,"/Users/thierno/Documents/cadum/MenuM/components/common/Buttons/Button.tsx": {"path":"/Users/thierno/Documents/cadum/MenuM/components/common/Buttons/Button.tsx","statementMap":{"0":{"start":{"line":34,"column":2},"end":{"line":38,"column":3}}},"fnMap":{"0":{"name":"Button","decl":{"start":{"line":33,"column":24},"end":{"line":33,"column":30}},"loc":{"start":{"line":33,"column":58},"end":{"line":39,"column":1}},"line":33}},"branchMap":{},"s":{"0":0},"f":{"0":0},"b":{}}
,"/Users/thierno/Documents/cadum/MenuM/components/common/Buttons/IconButton.tsx": {"path":"/Users/thierno/Documents/cadum/MenuM/components/common/Buttons/IconButton.tsx","statementMap":{"0":{"start":{"line":18,"column":2},"end":{"line":33,"column":4}},"1":{"start":{"line":36,"column":15},"end":{"line":42,"column":2}}},"fnMap":{"0":{"name":"IconButton","decl":{"start":{"line":13,"column":24},"end":{"line":13,"column":34}},"loc":{"start":{"line":17,"column":22},"end":{"line":34,"column":1}},"line":17}},"branchMap":{"0":{"loc":{"start":{"line":14,"column":2},"end":{"line":14,"column":23}},"type":"default-arg","locations":[{"start":{"line":14,"column":9},"end":{"line":14,"column":23}}],"line":14},"1":{"loc":{"start":{"line":16,"column":2},"end":{"line":16,"column":38}},"type":"default-arg","locations":[{"start":{"line":16,"column":21},"end":{"line":16,"column":38}}],"line":16}},"s":{"0":7,"1":2},"f":{"0":7},"b":{"0":[4],"1":[4]},"_coverageSchema":"1a1c01bbd47fc00a2c39e90264f33305004495a9","hash":"9f7e4e37b514813745246f233c563d48db3da29e"}
,"/Users/thierno/Documents/cadum/MenuM/components/common/Buttons/SocialButton.tsx": {"path":"/Users/thierno/Documents/cadum/MenuM/components/common/Buttons/SocialButton.tsx","statementMap":{"0":{"start":{"line":30,"column":2},"end":{"line":34,"column":3}}},"fnMap":{"0":{"name":"SocialButton","decl":{"start":{"line":29,"column":24},"end":{"line":29,"column":36}},"loc":{"start":{"line":29,"column":70},"end":{"line":35,"column":1}},"line":29}},"branchMap":{},"s":{"0":0},"f":{"0":0},"b":{}}
,"/Users/thierno/Documents/cadum/MenuM/components/common/Cards/ArticleCard.tsx": {"path":"/Users/thierno/Documents/cadum/MenuM/components/common/Cards/ArticleCard.tsx","statementMap":{"0":{"start":{"line":10,"column":2},"end":{"line":14,"column":3}}},"fnMap":{"0":{"name":"ArticleCard","decl":{"start":{"line":9,"column":24},"end":{"line":9,"column":35}},"loc":{"start":{"line":9,"column":38},"end":{"line":15,"column":1}},"line":9}},"branchMap":{},"s":{"0":0},"f":{"0":0},"b":{}}
,"/Users/thierno/Documents/cadum/MenuM/components/common/Cards/CafeCard.tsx": {"path":"/Users/thierno/Documents/cadum/MenuM/components/common/Cards/CafeCard.tsx","statementMap":{"0":{"start":{"line":10,"column":2},"end":{"line":14,"column":3}}},"fnMap":{"0":{"name":"CafeCard","decl":{"start":{"line":9,"column":24},"end":{"line":9,"column":32}},"loc":{"start":{"line":9,"column":35},"end":{"line":15,"column":1}},"line":9}},"branchMap":{},"s":{"0":0},"f":{"0":0},"b":{}}
,"/Users/thierno/Documents/cadum/MenuM/components/common/Inputs/Input.tsx": {"path":"/Users/thierno/Documents/cadum/MenuM/components/common/Inputs/Input.tsx","statementMap":{"0":{"start":{"line":5,"column":2},"end":{"line":9,"column":3}}},"fnMap":{"0":{"name":"Input","decl":{"start":{"line":4,"column":24},"end":{"line":4,"column":29}},"loc":{"start":{"line":4,"column":32},"end":{"line":10,"column":1}},"line":4}},"branchMap":{},"s":{"0":0},"f":{"0":0},"b":{}}
,"/Users/thierno/Documents/cadum/MenuM/components/layouts/HeaderLayout.tsx": {"path":"/Users/thierno/Documents/cadum/MenuM/components/layouts/HeaderLayout.tsx","statementMap":{"0":{"start":{"line":9,"column":20},"end":{"line":12,"column":1}},"1":{"start":{"line":15,"column":2},"end":{"line":23,"column":4}},"2":{"start":{"line":26,"column":15},"end":{"line":36,"column":2}}},"fnMap":{"0":{"name":"HeaderLayout","decl":{"start":{"line":14,"column":24},"end":{"line":14,"column":36}},"loc":{"start":{"line":14,"column":39},"end":{"line":24,"column":1}},"line":14}},"branchMap":{},"s":{"0":1,"1":4,"2":1},"f":{"0":4},"b":{},"_coverageSchema":"1a1c01bbd47fc00a2c39e90264f33305004495a9","hash":"3709aaf9c8f5a1438fe9dc761523bce56653b61e"}
,"/Users/thierno/Documents/cadum/MenuM/components/layouts/HorizontalCardScrollable.tsx": {"path":"/Users/thierno/Documents/cadum/MenuM/components/layouts/HorizontalCardScrollable.tsx","statementMap":{"0":{"start":{"line":32,"column":2},"end":{"line":46,"column":3}}},"fnMap":{"0":{"name":"HorizontalCardScrollableLayout","decl":{"start":{"line":26,"column":24},"end":{"line":26,"column":54}},"loc":{"start":{"line":31,"column":28},"end":{"line":47,"column":1}},"line":31}},"branchMap":{"0":{"loc":{"start":{"line":34,"column":7},"end":{"line":44,"column":7}},"type":"cond-expr","locations":[{"start":{"line":35,"column":8},"end":{"line":38,"column":15}},{"start":{"line":40,"column":8},"end":{"line":43,"column":15}}],"line":34}},"s":{"0":0},"f":{"0":0},"b":{"0":[0,0]}}
,"/Users/thierno/Documents/cadum/MenuM/components/layouts/OnboardingLayout.tsx": {"path":"/Users/thierno/Documents/cadum/MenuM/components/layouts/OnboardingLayout.tsx","statementMap":{"0":{"start":{"line":32,"column":2},"end":{"line":39,"column":3}}},"fnMap":{"0":{"name":"OnboardingLayout","decl":{"start":{"line":27,"column":24},"end":{"line":27,"column":40}},"loc":{"start":{"line":31,"column":28},"end":{"line":40,"column":1}},"line":31}},"branchMap":{},"s":{"0":0},"f":{"0":0},"b":{}}
,"/Users/thierno/Documents/cadum/MenuM/components/layouts/ScrollableLayout.tsx": {"path":"/Users/thierno/Documents/cadum/MenuM/components/layouts/ScrollableLayout.tsx","statementMap":{"0":{"start":{"line":9,"column":2},"end":{"line":13,"column":3}}},"fnMap":{"0":{"name":"ScrollableLayout","decl":{"start":{"line":8,"column":24},"end":{"line":8,"column":40}},"loc":{"start":{"line":8,"column":86},"end":{"line":14,"column":1}},"line":8}},"branchMap":{},"s":{"0":0},"f":{"0":0},"b":{}}
,"/Users/thierno/Documents/cadum/MenuM/constants/Colors.ts": {"path":"/Users/thierno/Documents/cadum/MenuM/constants/Colors.ts","statementMap":{"0":{"start":{"line":1,"column":15},"end":{"line":16,"column":1}}},"fnMap":{},"branchMap":{},"s":{"0":4},"f":{},"b":{},"_coverageSchema":"1a1c01bbd47fc00a2c39e90264f33305004495a9","hash":"0e3ae0896eddb34557bf68d805d292de03ab9aa9"}
,"/Users/thierno/Documents/cadum/MenuM/constants/Spacing.ts": {"path":"/Users/thierno/Documents/cadum/MenuM/constants/Spacing.ts","statementMap":{"0":{"start":{"line":30,"column":29},"end":{"line":50,"column":1}}},"fnMap":{},"branchMap":{},"s":{"0":4},"f":{},"b":{},"_coverageSchema":"1a1c01bbd47fc00a2c39e90264f33305004495a9","hash":"38856dfd6c7868eb1a2d6531acfcc36b38a76b47"}
,"/Users/thierno/Documents/cadum/MenuM/constants/Typography.ts": {"path":"/Users/thierno/Documents/cadum/MenuM/constants/Typography.ts","statementMap":{"0":{"start":{"line":3,"column":15},"end":{"line":70,"column":2}},"1":{"start":{"line":77,"column":19},"end":{"line":111,"column":1}}},"fnMap":{},"branchMap":{},"s":{"0":3,"1":3},"f":{},"b":{},"_coverageSchema":"1a1c01bbd47fc00a2c39e90264f33305004495a9","hash":"3355c575a60e22afbb56efed2611fc10e384dc93"}
,"/Users/thierno/Documents/cadum/MenuM/scripts/reset-project.js": {"path":"/Users/thierno/Documents/cadum/MenuM/scripts/reset-project.js","statementMap":{"0":{"start":{"line":9,"column":11},"end":{"line":9,"column":24}},"1":{"start":{"line":10,"column":13},"end":{"line":10,"column":28}},"2":{"start":{"line":12,"column":13},"end":{"line":12,"column":26}},"3":{"start":{"line":13,"column":16},"end":{"line":13,"column":70}},"4":{"start":{"line":14,"column":15},"end":{"line":14,"column":28}},"5":{"start":{"line":15,"column":18},"end":{"line":15,"column":23}},"6":{"start":{"line":16,"column":19},"end":{"line":16,"column":42}},"7":{"start":{"line":18,"column":21},"end":{"line":33,"column":1}},"8":{"start":{"line":35,"column":22},"end":{"line":40,"column":1}},"9":{"start":{"line":42,"column":24},"end":{"line":82,"column":1}},"10":{"start":{"line":43,"column":2},"end":{"line":81,"column":3}},"11":{"start":{"line":45,"column":4},"end":{"line":45,"column":61}},"12":{"start":{"line":46,"column":4},"end":{"line":46,"column":52}},"13":{"start":{"line":49,"column":4},"end":{"line":58,"column":5}},"14":{"start":{"line":50,"column":25},"end":{"line":50,"column":45}},"15":{"start":{"line":51,"column":25},"end":{"line":51,"column":53}},"16":{"start":{"line":52,"column":6},"end":{"line":57,"column":7}},"17":{"start":{"line":53,"column":8},"end":{"line":53,"column":57}},"18":{"start":{"line":54,"column":8},"end":{"line":54,"column":62}},"19":{"start":{"line":56,"column":8},"end":{"line":56,"column":60}},"20":{"start":{"line":61,"column":26},"end":{"line":61,"column":52}},"21":{"start":{"line":62,"column":4},"end":{"line":62,"column":64}},"22":{"start":{"line":63,"column":4},"end":{"line":63,"column":52}},"23":{"start":{"line":66,"column":22},"end":{"line":66,"column":59}},"24":{"start":{"line":67,"column":4},"end":{"line":67,"column":57}},"25":{"start":{"line":68,"column":4},"end":{"line":68,"column":45}},"26":{"start":{"line":71,"column":23},"end":{"line":71,"column":62}},"27":{"start":{"line":72,"column":4},"end":{"line":72,"column":59}},"28":{"start":{"line":73,"column":4},"end":{"line":73,"column":47}},"29":{"start":{"line":75,"column":4},"end":{"line":75,"column":59}},"30":{"start":{"line":76,"column":4},"end":{"line":78,"column":6}},"31":{"start":{"line":80,"column":4},"end":{"line":80,"column":61}},"32":{"start":{"line":84,"column":0},"end":{"line":84,"column":18}}},"fnMap":{"0":{"name":"(anonymous_0)","decl":{"start":{"line":42,"column":24},"end":{"line":42,"column":25}},"loc":{"start":{"line":42,"column":36},"end":{"line":82,"column":1}},"line":42}},"branchMap":{"0":{"loc":{"start":{"line":52,"column":6},"end":{"line":57,"column":7}},"type":"if","locations":[{"start":{"line":52,"column":6},"end":{"line":57,"column":7}},{"start":{"line":55,"column":13},"end":{"line":57,"column":7}}],"line":52}},"s":{"0":0,"1":0,"2":0,"3":0,"4":0,"5":0,"6":0,"7":0,"8":0,"9":0,"10":0,"11":0,"12":0,"13":0,"14":0,"15":0,"16":0,"17":0,"18":0,"19":0,"20":0,"21":0,"22":0,"23":0,"24":0,"25":0,"26":0,"27":0,"28":0,"29":0,"30":0,"31":0,"32":0},"f":{"0":0},"b":{"0":[0,0]}}
}
