{"/Users/thierno/Documents/cadum/MenuM/app/_layout.tsx": {"path":"/Users/thierno/Documents/cadum/MenuM/app/_layout.tsx","statementMap":{"0":{"start":{"line":13,"column":0},"end":{"line":13,"column":36}},"1":{"start":{"line":16,"column":28},"end":{"line":53,"column":6}},"2":{"start":{"line":55,"column":4},"end":{"line":59,"column":25}},"3":{"start":{"line":56,"column":8},"end":{"line":58,"column":9}},"4":{"start":{"line":57,"column":12},"end":{"line":57,"column":37}},"5":{"start":{"line":61,"column":4},"end":{"line":63,"column":5}},"6":{"start":{"line":62,"column":8},"end":{"line":62,"column":20}},"7":{"start":{"line":65,"column":4},"end":{"line":77,"column":5}}},"fnMap":{"0":{"name":"RootLayout","decl":{"start":{"line":15,"column":24},"end":{"line":15,"column":34}},"loc":{"start":{"line":15,"column":37},"end":{"line":78,"column":1}},"line":15},"1":{"name":"(anonymous_1)","decl":{"start":{"line":55,"column":14},"end":{"line":55,"column":15}},"loc":{"start":{"line":55,"column":20},"end":{"line":59,"column":5}},"line":55}},"branchMap":{"0":{"loc":{"start":{"line":56,"column":8},"end":{"line":58,"column":9}},"type":"if","locations":[{"start":{"line":56,"column":8},"end":{"line":58,"column":9}},{"start":{},"end":{}}],"line":56},"1":{"loc":{"start":{"line":56,"column":12},"end":{"line":56,"column":27}},"type":"binary-expr","locations":[{"start":{"line":56,"column":12},"end":{"line":56,"column":18}},{"start":{"line":56,"column":22},"end":{"line":56,"column":27}}],"line":56},"2":{"loc":{"start":{"line":61,"column":4},"end":{"line":63,"column":5}},"type":"if","locations":[{"start":{"line":61,"column":4},"end":{"line":63,"column":5}},{"start":{},"end":{}}],"line":61},"3":{"loc":{"start":{"line":61,"column":8},"end":{"line":61,"column":24}},"type":"binary-expr","locations":[{"start":{"line":61,"column":8},"end":{"line":61,"column":15}},{"start":{"line":61,"column":19},"end":{"line":61,"column":24}}],"line":61}},"s":{"0":0,"1":0,"2":0,"3":0,"4":0,"5":0,"6":0,"7":0},"f":{"0":0,"1":0},"b":{"0":[0,0],"1":[0,0],"2":[0,0],"3":[0,0]}}
,"/Users/thierno/Documents/cadum/MenuM/app/(auth)/_layout.tsx": {"path":"/Users/thierno/Documents/cadum/MenuM/app/(auth)/_layout.tsx","statementMap":{"0":{"start":{"line":8,"column":2},"end":{"line":12,"column":3}}},"fnMap":{"0":{"name":"OnboardingLayout","decl":{"start":{"line":7,"column":24},"end":{"line":7,"column":40}},"loc":{"start":{"line":7,"column":43},"end":{"line":13,"column":1}},"line":7}},"branchMap":{},"s":{"0":0},"f":{"0":0},"b":{}}
,"/Users/thierno/Documents/cadum/MenuM/app/(auth)/sign-in.tsx": {"path":"/Users/thierno/Documents/cadum/MenuM/app/(auth)/sign-in.tsx","statementMap":{"0":{"start":{"line":6,"column":2},"end":{"line":11,"column":3}}},"fnMap":{"0":{"name":"SignInScreen","decl":{"start":{"line":5,"column":24},"end":{"line":5,"column":36}},"loc":{"start":{"line":5,"column":39},"end":{"line":12,"column":1}},"line":5}},"branchMap":{},"s":{"0":0},"f":{"0":0},"b":{}}
,"/Users/thierno/Documents/cadum/MenuM/app/(auth)/sign-up.tsx": {"path":"/Users/thierno/Documents/cadum/MenuM/app/(auth)/sign-up.tsx","statementMap":{"0":{"start":{"line":6,"column":2},"end":{"line":11,"column":3}}},"fnMap":{"0":{"name":"SignUpScreen","decl":{"start":{"line":5,"column":24},"end":{"line":5,"column":36}},"loc":{"start":{"line":5,"column":39},"end":{"line":12,"column":1}},"line":5}},"branchMap":{},"s":{"0":0},"f":{"0":0},"b":{}}
,"/Users/thierno/Documents/cadum/MenuM/app/(main)/_layout.tsx": {"path":"/Users/thierno/Documents/cadum/MenuM/app/(main)/_layout.tsx","statementMap":{"0":{"start":{"line":9,"column":4},"end":{"line":62,"column":4}},"1":{"start":{"line":15,"column":34},"end":{"line":15,"column":49}},"2":{"start":{"line":16,"column":47},"end":{"line":16,"column":79}},"3":{"start":{"line":25,"column":47},"end":{"line":25,"column":99}},"4":{"start":{"line":34,"column":47},"end":{"line":34,"column":89}},"5":{"start":{"line":43,"column":47},"end":{"line":43,"column":83}}},"fnMap":{"0":{"name":"TabLayout","decl":{"start":{"line":8,"column":24},"end":{"line":8,"column":33}},"loc":{"start":{"line":8,"column":36},"end":{"line":63,"column":1}},"line":8},"1":{"name":"(anonymous_1)","decl":{"start":{"line":15,"column":28},"end":{"line":15,"column":29}},"loc":{"start":{"line":15,"column":34},"end":{"line":15,"column":49}},"line":15},"2":{"name":"(anonymous_2)","decl":{"start":{"line":16,"column":32},"end":{"line":16,"column":33}},"loc":{"start":{"line":16,"column":47},"end":{"line":16,"column":79}},"line":16},"3":{"name":"(anonymous_3)","decl":{"start":{"line":25,"column":32},"end":{"line":25,"column":33}},"loc":{"start":{"line":25,"column":47},"end":{"line":25,"column":99}},"line":25},"4":{"name":"(anonymous_4)","decl":{"start":{"line":34,"column":32},"end":{"line":34,"column":33}},"loc":{"start":{"line":34,"column":47},"end":{"line":34,"column":89}},"line":34},"5":{"name":"(anonymous_5)","decl":{"start":{"line":43,"column":32},"end":{"line":43,"column":33}},"loc":{"start":{"line":43,"column":47},"end":{"line":43,"column":83}},"line":43}},"branchMap":{},"s":{"0":0,"1":0,"2":0,"3":0,"4":0,"5":0},"f":{"0":0,"1":0,"2":0,"3":0,"4":0,"5":0},"b":{}}
,"/Users/thierno/Documents/cadum/MenuM/app/(main)/favoris.tsx": {"path":"/Users/thierno/Documents/cadum/MenuM/app/(main)/favoris.tsx","statementMap":{"0":{"start":{"line":6,"column":2},"end":{"line":12,"column":3}}},"fnMap":{"0":{"name":"FavorisScreen","decl":{"start":{"line":5,"column":24},"end":{"line":5,"column":37}},"loc":{"start":{"line":5,"column":40},"end":{"line":13,"column":1}},"line":5}},"branchMap":{},"s":{"0":0},"f":{"0":0},"b":{}}
,"/Users/thierno/Documents/cadum/MenuM/app/(main)/index.tsx": {"path":"/Users/thierno/Documents/cadum/MenuM/app/(main)/index.tsx","statementMap":{"0":{"start":{"line":33,"column":36},"end":{"line":41,"column":4}},"1":{"start":{"line":42,"column":40},"end":{"line":66,"column":4}},"2":{"start":{"line":68,"column":34},"end":{"line":70,"column":3}},"3":{"start":{"line":71,"column":48},"end":{"line":71,"column":70}},"4":{"start":{"line":73,"column":2},"end":{"line":89,"column":9}},"5":{"start":{"line":75,"column":23},"end":{"line":75,"column":73}},"6":{"start":{"line":77,"column":6},"end":{"line":80,"column":7}},"7":{"start":{"line":78,"column":8},"end":{"line":78,"column":65}},"8":{"start":{"line":79,"column":8},"end":{"line":79,"column":15}},"9":{"start":{"line":82,"column":21},"end":{"line":82,"column":63}},"10":{"start":{"line":83,"column":6},"end":{"line":83,"column":28}},"11":{"start":{"line":84,"column":6},"end":{"line":84,"column":48}},"12":{"start":{"line":88,"column":4},"end":{"line":88,"column":25}},"13":{"start":{"line":91,"column":2},"end":{"line":112,"column":30}},"14":{"start":{"line":92,"column":4},"end":{"line":111,"column":7}},"15":{"start":{"line":93,"column":24},"end":{"line":93,"column":48}},"16":{"start":{"line":94,"column":24},"end":{"line":94,"column":49}},"17":{"start":{"line":96,"column":23},"end":{"line":107,"column":41}},"18":{"start":{"line":97,"column":27},"end":{"line":105,"column":11}},"19":{"start":{"line":106,"column":26},"end":{"line":106,"column":49}},"20":{"start":{"line":107,"column":26},"end":{"line":107,"column":40}},"21":{"start":{"line":109,"column":8},"end":{"line":109,"column":35}},"22":{"start":{"line":110,"column":8},"end":{"line":110,"column":63}},"23":{"start":{"line":121,"column":14},"end":{"line":121,"column":18}},"24":{"start":{"line":122,"column":17},"end":{"line":122,"column":37}},"25":{"start":{"line":123,"column":17},"end":{"line":123,"column":37}},"26":{"start":{"line":125,"column":6},"end":{"line":129,"column":26}},"27":{"start":{"line":130,"column":14},"end":{"line":130,"column":60}},"28":{"start":{"line":131,"column":4},"end":{"line":131,"column":17}},"29":{"start":{"line":135,"column":4},"end":{"line":135,"column":33}},"30":{"start":{"line":138,"column":23},"end":{"line":138,"column":33}},"31":{"start":{"line":139,"column":20},"end":{"line":139,"column":68}},"32":{"start":{"line":140,"column":21},"end":{"line":140,"column":70}},"33":{"start":{"line":142,"column":30},"end":{"line":142,"column":34}},"34":{"start":{"line":143,"column":2},"end":{"line":143,"column":73}},"35":{"start":{"line":143,"column":28},"end":{"line":143,"column":73}},"36":{"start":{"line":146,"column":4},"end":{"line":146,"column":62}},"37":{"start":{"line":150,"column":4},"end":{"line":150,"column":62}},"38":{"start":{"line":151,"column":4},"end":{"line":157,"column":6}},"39":{"start":{"line":154,"column":33},"end":{"line":154,"column":45}},"40":{"start":{"line":155,"column":33},"end":{"line":155,"column":45}},"41":{"start":{"line":160,"column":2},"end":{"line":439,"column":4}},"42":{"start":{"line":186,"column":27},"end":{"line":186,"column":49}},"43":{"start":{"line":442,"column":15},"end":{"line":468,"column":2}}},"fnMap":{"0":{"name":"HomeScreen","decl":{"start":{"line":20,"column":24},"end":{"line":20,"column":34}},"loc":{"start":{"line":20,"column":37},"end":{"line":440,"column":1}},"line":20},"1":{"name":"(anonymous_1)","decl":{"start":{"line":73,"column":12},"end":{"line":73,"column":13}},"loc":{"start":{"line":73,"column":18},"end":{"line":89,"column":3}},"line":73},"2":{"name":"getCurrentLocation","decl":{"start":{"line":74,"column":19},"end":{"line":74,"column":37}},"loc":{"start":{"line":74,"column":40},"end":{"line":85,"column":5}},"line":74},"3":{"name":"(anonymous_3)","decl":{"start":{"line":91,"column":12},"end":{"line":91,"column":13}},"loc":{"start":{"line":91,"column":18},"end":{"line":112,"column":3}},"line":91},"4":{"name":"(anonymous_4)","decl":{"start":{"line":97,"column":15},"end":{"line":97,"column":16}},"loc":{"start":{"line":97,"column":27},"end":{"line":105,"column":11}},"line":97},"5":{"name":"(anonymous_5)","decl":{"start":{"line":106,"column":16},"end":{"line":106,"column":17}},"loc":{"start":{"line":106,"column":26},"end":{"line":106,"column":49}},"line":106},"6":{"name":"(anonymous_6)","decl":{"start":{"line":107,"column":15},"end":{"line":107,"column":16}},"loc":{"start":{"line":107,"column":26},"end":{"line":107,"column":40}},"line":107},"7":{"name":"getDistanceFromLatLonInKm","decl":{"start":{"line":115,"column":11},"end":{"line":115,"column":36}},"loc":{"start":{"line":120,"column":12},"end":{"line":132,"column":3}},"line":120},"8":{"name":"deg2rad","decl":{"start":{"line":134,"column":11},"end":{"line":134,"column":18}},"loc":{"start":{"line":134,"column":40},"end":{"line":136,"column":3}},"line":134},"9":{"name":"(anonymous_9)","decl":{"start":{"line":139,"column":60},"end":{"line":139,"column":61}},"loc":{"start":{"line":139,"column":66},"end":{"line":139,"column":68}},"line":139},"10":{"name":"(anonymous_10)","decl":{"start":{"line":140,"column":62},"end":{"line":140,"column":63}},"loc":{"start":{"line":140,"column":68},"end":{"line":140,"column":70}},"line":140},"11":{"name":"handleSearch","decl":{"start":{"line":145,"column":11},"end":{"line":145,"column":23}},"loc":{"start":{"line":145,"column":44},"end":{"line":147,"column":3}},"line":145},"12":{"name":"handleFilter","decl":{"start":{"line":149,"column":11},"end":{"line":149,"column":23}},"loc":{"start":{"line":149,"column":32},"end":{"line":158,"column":3}},"line":149},"13":{"name":"(anonymous_13)","decl":{"start":{"line":154,"column":27},"end":{"line":154,"column":28}},"loc":{"start":{"line":154,"column":33},"end":{"line":154,"column":45}},"line":154},"14":{"name":"(anonymous_14)","decl":{"start":{"line":155,"column":27},"end":{"line":155,"column":28}},"loc":{"start":{"line":155,"column":33},"end":{"line":155,"column":45}},"line":155},"15":{"name":"(anonymous_15)","decl":{"start":{"line":186,"column":21},"end":{"line":186,"column":22}},"loc":{"start":{"line":186,"column":27},"end":{"line":186,"column":49}},"line":186}},"branchMap":{"0":{"loc":{"start":{"line":77,"column":6},"end":{"line":80,"column":7}},"type":"if","locations":[{"start":{"line":77,"column":6},"end":{"line":80,"column":7}},{"start":{},"end":{}}],"line":77},"1":{"loc":{"start":{"line":92,"column":4},"end":{"line":111,"column":7}},"type":"if","locations":[{"start":{"line":92,"column":4},"end":{"line":111,"column":7}},{"start":{},"end":{}}],"line":92},"2":{"loc":{"start":{"line":92,"column":8},"end":{"line":92,"column":42}},"type":"binary-expr","locations":[{"start":{"line":92,"column":8},"end":{"line":92,"column":16}},{"start":{"line":92,"column":20},"end":{"line":92,"column":42}}],"line":92},"3":{"loc":{"start":{"line":139,"column":20},"end":{"line":139,"column":68}},"type":"cond-expr","locations":[{"start":{"line":139,"column":35},"end":{"line":139,"column":57}},{"start":{"line":139,"column":60},"end":{"line":139,"column":68}}],"line":139},"4":{"loc":{"start":{"line":140,"column":21},"end":{"line":140,"column":70}},"type":"cond-expr","locations":[{"start":{"line":140,"column":36},"end":{"line":140,"column":59}},{"start":{"line":140,"column":62},"end":{"line":140,"column":70}}],"line":140},"5":{"loc":{"start":{"line":143,"column":2},"end":{"line":143,"column":73}},"type":"if","locations":[{"start":{"line":143,"column":2},"end":{"line":143,"column":73}},{"start":{},"end":{}}],"line":143}},"s":{"0":0,"1":0,"2":0,"3":0,"4":0,"5":0,"6":0,"7":0,"8":0,"9":0,"10":0,"11":0,"12":0,"13":0,"14":0,"15":0,"16":0,"17":0,"18":0,"19":0,"20":0,"21":0,"22":0,"23":0,"24":0,"25":0,"26":0,"27":0,"28":0,"29":0,"30":0,"31":0,"32":0,"33":0,"34":0,"35":0,"36":0,"37":0,"38":0,"39":0,"40":0,"41":0,"42":0,"43":0},"f":{"0":0,"1":0,"2":0,"3":0,"4":0,"5":0,"6":0,"7":0,"8":0,"9":0,"10":0,"11":0,"12":0,"13":0,"14":0,"15":0},"b":{"0":[0,0],"1":[0,0],"2":[0,0],"3":[0,0],"4":[0,0],"5":[0,0]}}
,"/Users/thierno/Documents/cadum/MenuM/app/(main)/pannier.tsx": {"path":"/Users/thierno/Documents/cadum/MenuM/app/(main)/pannier.tsx","statementMap":{"0":{"start":{"line":6,"column":2},"end":{"line":12,"column":3}}},"fnMap":{"0":{"name":"PannierScreen","decl":{"start":{"line":5,"column":24},"end":{"line":5,"column":37}},"loc":{"start":{"line":5,"column":40},"end":{"line":13,"column":1}},"line":5}},"branchMap":{},"s":{"0":0},"f":{"0":0},"b":{}}
,"/Users/thierno/Documents/cadum/MenuM/app/(main)/parametre.tsx": {"path":"/Users/thierno/Documents/cadum/MenuM/app/(main)/parametre.tsx","statementMap":{"0":{"start":{"line":6,"column":2},"end":{"line":12,"column":3}}},"fnMap":{"0":{"name":"ParametreScreen","decl":{"start":{"line":5,"column":24},"end":{"line":5,"column":39}},"loc":{"start":{"line":5,"column":42},"end":{"line":13,"column":1}},"line":5}},"branchMap":{},"s":{"0":0},"f":{"0":0},"b":{}}
,"/Users/thierno/Documents/cadum/MenuM/app/(main)/cafe/[id].tsx": {"path":"/Users/thierno/Documents/cadum/MenuM/app/(main)/cafe/[id].tsx","statementMap":{"0":{"start":{"line":10,"column":17},"end":{"line":10,"column":39}},"1":{"start":{"line":12,"column":2},"end":{"line":80,"column":4}},"2":{"start":{"line":26,"column":27},"end":{"line":26,"column":40}}},"fnMap":{"0":{"name":"CafeScreen","decl":{"start":{"line":9,"column":24},"end":{"line":9,"column":34}},"loc":{"start":{"line":9,"column":37},"end":{"line":81,"column":1}},"line":9},"1":{"name":"(anonymous_1)","decl":{"start":{"line":26,"column":21},"end":{"line":26,"column":22}},"loc":{"start":{"line":26,"column":27},"end":{"line":26,"column":40}},"line":26}},"branchMap":{},"s":{"0":0,"1":0,"2":0},"f":{"0":0,"1":0},"b":{}}
,"/Users/thierno/Documents/cadum/MenuM/app/(main)/cafe/article/[articleId].tsx": {"path":"/Users/thierno/Documents/cadum/MenuM/app/(main)/cafe/article/[articleId].tsx","statementMap":{"0":{"start":{"line":8,"column":24},"end":{"line":8,"column":46}},"1":{"start":{"line":9,"column":2},"end":{"line":9,"column":30}},"2":{"start":{"line":10,"column":2},"end":{"line":14,"column":4}}},"fnMap":{"0":{"name":"ArticleScreen","decl":{"start":{"line":7,"column":24},"end":{"line":7,"column":37}},"loc":{"start":{"line":7,"column":40},"end":{"line":15,"column":1}},"line":7}},"branchMap":{},"s":{"0":0,"1":0,"2":0},"f":{"0":0},"b":{}}
,"/Users/thierno/Documents/cadum/MenuM/app/(onboarding)/_layout.tsx": {"path":"/Users/thierno/Documents/cadum/MenuM/app/(onboarding)/_layout.tsx","statementMap":{"0":{"start":{"line":8,"column":2},"end":{"line":12,"column":3}}},"fnMap":{"0":{"name":"OnboardingLayout","decl":{"start":{"line":7,"column":24},"end":{"line":7,"column":40}},"loc":{"start":{"line":7,"column":43},"end":{"line":13,"column":1}},"line":7}},"branchMap":{},"s":{"0":0},"f":{"0":0},"b":{}}
,"/Users/thierno/Documents/cadum/MenuM/app/(onboarding)/first-onboarding.tsx": {"path":"/Users/thierno/Documents/cadum/MenuM/app/(onboarding)/first-onboarding.tsx","statementMap":{"0":{"start":{"line":7,"column":2},"end":{"line":17,"column":3}}},"fnMap":{"0":{"name":"FirstOnboardingScreen","decl":{"start":{"line":6,"column":24},"end":{"line":6,"column":45}},"loc":{"start":{"line":6,"column":48},"end":{"line":18,"column":1}},"line":6}},"branchMap":{},"s":{"0":0},"f":{"0":0},"b":{}}
,"/Users/thierno/Documents/cadum/MenuM/app/(onboarding)/second-onboarding.tsx": {"path":"/Users/thierno/Documents/cadum/MenuM/app/(onboarding)/second-onboarding.tsx","statementMap":{"0":{"start":{"line":7,"column":2},"end":{"line":12,"column":3}}},"fnMap":{"0":{"name":"SecondOnboardingScreen","decl":{"start":{"line":6,"column":24},"end":{"line":6,"column":46}},"loc":{"start":{"line":6,"column":49},"end":{"line":13,"column":1}},"line":6}},"branchMap":{},"s":{"0":0},"f":{"0":0},"b":{}}
,"/Users/thierno/Documents/cadum/MenuM/app/(onboarding)/third-onboarding.tsx": {"path":"/Users/thierno/Documents/cadum/MenuM/app/(onboarding)/third-onboarding.tsx","statementMap":{"0":{"start":{"line":6,"column":2},"end":{"line":11,"column":3}}},"fnMap":{"0":{"name":"ThirdOnboardingScreen","decl":{"start":{"line":5,"column":24},"end":{"line":5,"column":45}},"loc":{"start":{"line":5,"column":48},"end":{"line":12,"column":1}},"line":5}},"branchMap":{},"s":{"0":0},"f":{"0":0},"b":{}}
,"/Users/thierno/Documents/cadum/MenuM/components/common/Divider.tsx": {"path":"/Users/thierno/Documents/cadum/MenuM/components/common/Divider.tsx","statementMap":{"0":{"start":{"line":16,"column":2},"end":{"line":27,"column":4}},"1":{"start":{"line":30,"column":15},"end":{"line":34,"column":2}}},"fnMap":{"0":{"name":"Divider","decl":{"start":{"line":11,"column":24},"end":{"line":11,"column":31}},"loc":{"start":{"line":15,"column":17},"end":{"line":28,"column":1}},"line":15}},"branchMap":{"0":{"loc":{"start":{"line":14,"column":2},"end":{"line":14,"column":12}},"type":"default-arg","locations":[{"start":{"line":14,"column":11},"end":{"line":14,"column":12}}],"line":14}},"s":{"0":0,"1":0},"f":{"0":0},"b":{"0":[0]}}
,"/Users/thierno/Documents/cadum/MenuM/components/common/OnboardingStatus.tsx": {"path":"/Users/thierno/Documents/cadum/MenuM/components/common/OnboardingStatus.tsx","statementMap":{"0":{"start":{"line":34,"column":2},"end":{"line":38,"column":3}}},"fnMap":{"0":{"name":"OnboardingStatusBar","decl":{"start":{"line":33,"column":24},"end":{"line":33,"column":43}},"loc":{"start":{"line":33,"column":78},"end":{"line":39,"column":1}},"line":33}},"branchMap":{},"s":{"0":0},"f":{"0":0},"b":{}}
,"/Users/thierno/Documents/cadum/MenuM/components/common/SelectLocalisation.tsx": {"path":"/Users/thierno/Documents/cadum/MenuM/components/common/SelectLocalisation.tsx","statementMap":{"0":{"start":{"line":26,"column":23},"end":{"line":26,"column":33}},"1":{"start":{"line":27,"column":20},"end":{"line":27,"column":68}},"2":{"start":{"line":28,"column":21},"end":{"line":28,"column":70}},"3":{"start":{"line":30,"column":4},"end":{"line":30,"column":60}},"4":{"start":{"line":31,"column":4},"end":{"line":37,"column":6}},"5":{"start":{"line":35,"column":32},"end":{"line":35,"column":44}},"6":{"start":{"line":39,"column":2},"end":{"line":67,"column":4}},"7":{"start":{"line":70,"column":15},"end":{"line":81,"column":2}}},"fnMap":{"0":{"name":"SelectLocalisation","decl":{"start":{"line":22,"column":24},"end":{"line":22,"column":42}},"loc":{"start":{"line":25,"column":28},"end":{"line":68,"column":1}},"line":25},"1":{"name":"(anonymous_1)","decl":{"start":{"line":27,"column":60},"end":{"line":27,"column":61}},"loc":{"start":{"line":27,"column":66},"end":{"line":27,"column":68}},"line":27},"2":{"name":"(anonymous_2)","decl":{"start":{"line":28,"column":62},"end":{"line":28,"column":63}},"loc":{"start":{"line":28,"column":68},"end":{"line":28,"column":70}},"line":28},"3":{"name":"handlePress","decl":{"start":{"line":29,"column":11},"end":{"line":29,"column":22}},"loc":{"start":{"line":29,"column":59},"end":{"line":38,"column":3}},"line":29},"4":{"name":"(anonymous_4)","decl":{"start":{"line":35,"column":26},"end":{"line":35,"column":27}},"loc":{"start":{"line":35,"column":32},"end":{"line":35,"column":44}},"line":35}},"branchMap":{"0":{"loc":{"start":{"line":27,"column":20},"end":{"line":27,"column":68}},"type":"cond-expr","locations":[{"start":{"line":27,"column":35},"end":{"line":27,"column":57}},{"start":{"line":27,"column":60},"end":{"line":27,"column":68}}],"line":27},"1":{"loc":{"start":{"line":28,"column":21},"end":{"line":28,"column":70}},"type":"cond-expr","locations":[{"start":{"line":28,"column":36},"end":{"line":28,"column":59}},{"start":{"line":28,"column":62},"end":{"line":28,"column":70}}],"line":28}},"s":{"0":3,"1":3,"2":3,"3":1,"4":1,"5":0,"6":3,"7":1},"f":{"0":3,"1":1,"2":0,"3":1,"4":0},"b":{"0":[0,3],"1":[0,3]},"_coverageSchema":"1a1c01bbd47fc00a2c39e90264f33305004495a9","hash":"d578e5761ba268e1cba81cb42bfd370449b5ef46"}
,"/Users/thierno/Documents/cadum/MenuM/components/common/Tooltip.tsx": {"path":"/Users/thierno/Documents/cadum/MenuM/components/common/Tooltip.tsx","statementMap":{"0":{"start":{"line":98,"column":36},"end":{"line":98,"column":57}},"1":{"start":{"line":100,"column":23},"end":{"line":100,"column":33}},"2":{"start":{"line":101,"column":20},"end":{"line":101,"column":68}},"3":{"start":{"line":102,"column":21},"end":{"line":102,"column":70}},"4":{"start":{"line":105,"column":4},"end":{"line":105,"column":17}},"5":{"start":{"line":106,"column":4},"end":{"line":106,"column":23}},"6":{"start":{"line":107,"column":4},"end":{"line":107,"column":25}},"7":{"start":{"line":111,"column":4},"end":{"line":111,"column":17}},"8":{"start":{"line":112,"column":4},"end":{"line":112,"column":24}},"9":{"start":{"line":116,"column":4},"end":{"line":116,"column":45}},"10":{"start":{"line":118,"column":4},"end":{"line":131,"column":5}},"11":{"start":{"line":119,"column":6},"end":{"line":130,"column":8}},"12":{"start":{"line":132,"column":4},"end":{"line":132,"column":43}},"13":{"start":{"line":132,"column":33},"end":{"line":132,"column":43}},"14":{"start":{"line":134,"column":2},"end":{"line":222,"column":4}},"15":{"start":{"line":232,"column":2},"end":{"line":246,"column":4}},"16":{"start":{"line":250,"column":15},"end":{"line":262,"column":2}}},"fnMap":{"0":{"name":"Tooltip","decl":{"start":{"line":89,"column":24},"end":{"line":89,"column":31}},"loc":{"start":{"line":97,"column":30},"end":{"line":223,"column":1}},"line":97},"1":{"name":"(anonymous_1)","decl":{"start":{"line":101,"column":60},"end":{"line":101,"column":61}},"loc":{"start":{"line":101,"column":66},"end":{"line":101,"column":68}},"line":101},"2":{"name":"(anonymous_2)","decl":{"start":{"line":102,"column":62},"end":{"line":102,"column":63}},"loc":{"start":{"line":102,"column":68},"end":{"line":102,"column":70}},"line":102},"3":{"name":"handleApplyFilter","decl":{"start":{"line":104,"column":11},"end":{"line":104,"column":28}},"loc":{"start":{"line":104,"column":31},"end":{"line":108,"column":3}},"line":104},"4":{"name":"handleResetFilter","decl":{"start":{"line":110,"column":11},"end":{"line":110,"column":28}},"loc":{"start":{"line":110,"column":31},"end":{"line":113,"column":3}},"line":110},"5":{"name":"handlePress","decl":{"start":{"line":115,"column":11},"end":{"line":115,"column":22}},"loc":{"start":{"line":115,"column":25},"end":{"line":133,"column":3}},"line":115},"6":{"name":"InfoModalLayout","decl":{"start":{"line":225,"column":9},"end":{"line":225,"column":24}},"loc":{"start":{"line":231,"column":3},"end":{"line":247,"column":1}},"line":231}},"branchMap":{"0":{"loc":{"start":{"line":93,"column":2},"end":{"line":93,"column":25}},"type":"default-arg","locations":[{"start":{"line":93,"column":9},"end":{"line":93,"column":25}}],"line":93},"1":{"loc":{"start":{"line":93,"column":9},"end":{"line":93,"column":25}},"type":"binary-expr","locations":[{"start":{"line":93,"column":9},"end":{"line":93,"column":15}},{"start":{"line":93,"column":19},"end":{"line":93,"column":25}}],"line":93},"2":{"loc":{"start":{"line":94,"column":2},"end":{"line":94,"column":20}},"type":"default-arg","locations":[{"start":{"line":94,"column":16},"end":{"line":94,"column":20}}],"line":94},"3":{"loc":{"start":{"line":95,"column":2},"end":{"line":95,"column":28}},"type":"default-arg","locations":[{"start":{"line":95,"column":23},"end":{"line":95,"column":28}}],"line":95},"4":{"loc":{"start":{"line":101,"column":20},"end":{"line":101,"column":68}},"type":"cond-expr","locations":[{"start":{"line":101,"column":35},"end":{"line":101,"column":57}},{"start":{"line":101,"column":60},"end":{"line":101,"column":68}}],"line":101},"5":{"loc":{"start":{"line":102,"column":21},"end":{"line":102,"column":70}},"type":"cond-expr","locations":[{"start":{"line":102,"column":36},"end":{"line":102,"column":59}},{"start":{"line":102,"column":62},"end":{"line":102,"column":70}}],"line":102},"6":{"loc":{"start":{"line":107,"column":4},"end":{"line":107,"column":24}},"type":"binary-expr","locations":[{"start":{"line":107,"column":4},"end":{"line":107,"column":11}},{"start":{"line":107,"column":15},"end":{"line":107,"column":24}}],"line":107},"7":{"loc":{"start":{"line":116,"column":4},"end":{"line":116,"column":44}},"type":"binary-expr","locations":[{"start":{"line":116,"column":4},"end":{"line":116,"column":16}},{"start":{"line":116,"column":20},"end":{"line":116,"column":44}}],"line":116},"8":{"loc":{"start":{"line":118,"column":4},"end":{"line":131,"column":5}},"type":"if","locations":[{"start":{"line":118,"column":4},"end":{"line":131,"column":5}},{"start":{},"end":{}}],"line":118},"9":{"loc":{"start":{"line":132,"column":4},"end":{"line":132,"column":43}},"type":"if","locations":[{"start":{"line":132,"column":4},"end":{"line":132,"column":43}},{"start":{},"end":{}}],"line":132},"10":{"loc":{"start":{"line":132,"column":8},"end":{"line":132,"column":31}},"type":"binary-expr","locations":[{"start":{"line":132,"column":8},"end":{"line":132,"column":15}},{"start":{"line":132,"column":19},"end":{"line":132,"column":31}}],"line":132},"11":{"loc":{"start":{"line":139,"column":8},"end":{"line":143,"column":49}},"type":"cond-expr","locations":[{"start":{"line":140,"column":12},"end":{"line":142,"column":51}},{"start":{"line":143,"column":12},"end":{"line":143,"column":49}}],"line":139},"12":{"loc":{"start":{"line":140,"column":12},"end":{"line":142,"column":51}},"type":"cond-expr","locations":[{"start":{"line":141,"column":14},"end":{"line":141,"column":47}},{"start":{"line":142,"column":14},"end":{"line":142,"column":51}}],"line":140},"13":{"loc":{"start":{"line":149,"column":7},"end":{"line":194,"column":7}},"type":"binary-expr","locations":[{"start":{"line":149,"column":7},"end":{"line":149,"column":11}},{"start":{"line":150,"column":8},"end":{"line":193,"column":15}}],"line":149},"14":{"loc":{"start":{"line":151,"column":11},"end":{"line":192,"column":11}},"type":"cond-expr","locations":[{"start":{"line":152,"column":12},"end":{"line":159,"column":14}},{"start":{"line":160,"column":14},"end":{"line":192,"column":11}}],"line":151},"15":{"loc":{"start":{"line":160,"column":14},"end":{"line":192,"column":11}},"type":"cond-expr","locations":[{"start":{"line":161,"column":12},"end":{"line":168,"column":14}},{"start":{"line":169,"column":14},"end":{"line":192,"column":11}}],"line":160},"16":{"loc":{"start":{"line":169,"column":14},"end":{"line":192,"column":11}},"type":"cond-expr","locations":[{"start":{"line":170,"column":12},"end":{"line":177,"column":14}},{"start":{"line":179,"column":12},"end":{"line":191,"column":14}}],"line":169},"17":{"loc":{"start":{"line":184,"column":16},"end":{"line":188,"column":32}},"type":"cond-expr","locations":[{"start":{"line":185,"column":20},"end":{"line":187,"column":34}},{"start":{"line":188,"column":20},"end":{"line":188,"column":32}}],"line":184},"18":{"loc":{"start":{"line":185,"column":20},"end":{"line":187,"column":34}},"type":"cond-expr","locations":[{"start":{"line":186,"column":22},"end":{"line":186,"column":34}},{"start":{"line":187,"column":22},"end":{"line":187,"column":34}}],"line":185},"19":{"loc":{"start":{"line":200,"column":10},"end":{"line":204,"column":37}},"type":"cond-expr","locations":[{"start":{"line":201,"column":14},"end":{"line":203,"column":39}},{"start":{"line":204,"column":14},"end":{"line":204,"column":37}}],"line":200},"20":{"loc":{"start":{"line":201,"column":14},"end":{"line":203,"column":39}},"type":"cond-expr","locations":[{"start":{"line":202,"column":16},"end":{"line":202,"column":39}},{"start":{"line":203,"column":16},"end":{"line":203,"column":39}}],"line":201},"21":{"loc":{"start":{"line":205,"column":10},"end":{"line":205,"column":54}},"type":"binary-expr","locations":[{"start":{"line":205,"column":10},"end":{"line":205,"column":22}},{"start":{"line":205,"column":26},"end":{"line":205,"column":54}}],"line":205},"22":{"loc":{"start":{"line":212,"column":7},"end":{"line":220,"column":7}},"type":"binary-expr","locations":[{"start":{"line":212,"column":7},"end":{"line":212,"column":18}},{"start":{"line":213,"column":8},"end":{"line":219,"column":10}}],"line":212},"23":{"loc":{"start":{"line":217,"column":17},"end":{"line":217,"column":56}},"type":"cond-expr","locations":[{"start":{"line":217,"column":29},"end":{"line":217,"column":41}},{"start":{"line":217,"column":44},"end":{"line":217,"column":56}}],"line":217},"24":{"loc":{"start":{"line":227,"column":2},"end":{"line":227,"column":165}},"type":"default-arg","locations":[{"start":{"line":227,"column":16},"end":{"line":227,"column":165}}],"line":227}},"s":{"0":10,"1":10,"2":10,"3":10,"4":0,"5":0,"6":0,"7":0,"8":0,"9":1,"10":1,"11":0,"12":1,"13":1,"14":10,"15":0,"16":1},"f":{"0":10,"1":0,"2":0,"3":0,"4":0,"5":1,"6":0},"b":{"0":[9],"1":[9,3],"2":[7],"3":[10],"4":[0,10],"5":[0,10],"6":[0,0],"7":[1,1],"8":[0,1],"9":[1,0],"10":[1,1],"11":[0,10],"12":[0,0],"13":[10,4],"14":[1,3],"15":[1,2],"16":[1,1],"17":[0,1],"18":[0,0],"19":[0,10],"20":[0,0],"21":[10,3],"22":[10,7],"23":[0,7],"24":[0]},"_coverageSchema":"1a1c01bbd47fc00a2c39e90264f33305004495a9","hash":"1f71e1e6186fd86b76780ed6ebef5603fd21b317"}
,"/Users/thierno/Documents/cadum/MenuM/components/common/Auth/AccountInfo.tsx": {"path":"/Users/thierno/Documents/cadum/MenuM/components/common/Auth/AccountInfo.tsx","statementMap":{"0":{"start":{"line":18,"column":2},"end":{"line":30,"column":4}},"1":{"start":{"line":33,"column":15},"end":{"line":52,"column":2}}},"fnMap":{"0":{"name":"AccountInfo","decl":{"start":{"line":13,"column":24},"end":{"line":13,"column":35}},"loc":{"start":{"line":17,"column":21},"end":{"line":31,"column":1}},"line":17}},"branchMap":{"0":{"loc":{"start":{"line":14,"column":2},"end":{"line":14,"column":32}},"type":"default-arg","locations":[{"start":{"line":14,"column":10},"end":{"line":14,"column":32}}],"line":14}},"s":{"0":8,"1":2},"f":{"0":8},"b":{"0":[4]},"_coverageSchema":"1a1c01bbd47fc00a2c39e90264f33305004495a9","hash":"3baa5001ca34f61f2378af83e0f35aab550d115e"}
,"/Users/thierno/Documents/cadum/MenuM/components/common/Buttons/Button.tsx": {"path":"/Users/thierno/Documents/cadum/MenuM/components/common/Buttons/Button.tsx","statementMap":{"0":{"start":{"line":15,"column":2},"end":{"line":19,"column":4}},"1":{"start":{"line":22,"column":15},"end":{"line":35,"column":2}}},"fnMap":{"0":{"name":"Button","decl":{"start":{"line":14,"column":24},"end":{"line":14,"column":30}},"loc":{"start":{"line":14,"column":74},"end":{"line":20,"column":1}},"line":14}},"branchMap":{"0":{"loc":{"start":{"line":16,"column":67},"end":{"line":16,"column":87}},"type":"cond-expr","locations":[{"start":{"line":16,"column":75},"end":{"line":16,"column":82}},{"start":{"line":16,"column":85},"end":{"line":16,"column":87}}],"line":16}},"s":{"0":0,"1":1},"f":{"0":0},"b":{"0":[0,0]},"_coverageSchema":"1a1c01bbd47fc00a2c39e90264f33305004495a9","hash":"bba8b5121e17f552afdc4b10a974ac623c39afa9"}
,"/Users/thierno/Documents/cadum/MenuM/components/common/Buttons/FilterButtons.tsx": {"path":"/Users/thierno/Documents/cadum/MenuM/components/common/Buttons/FilterButtons.tsx","statementMap":{"0":{"start":{"line":21,"column":2},"end":{"line":30,"column":4}},"1":{"start":{"line":33,"column":15},"end":{"line":62,"column":2}}},"fnMap":{"0":{"name":"FilterButtons","decl":{"start":{"line":15,"column":24},"end":{"line":15,"column":37}},"loc":{"start":{"line":20,"column":23},"end":{"line":31,"column":1}},"line":20}},"branchMap":{"0":{"loc":{"start":{"line":16,"column":2},"end":{"line":16,"column":29}},"type":"default-arg","locations":[{"start":{"line":16,"column":18},"end":{"line":16,"column":29}}],"line":16},"1":{"loc":{"start":{"line":17,"column":2},"end":{"line":17,"column":32}},"type":"default-arg","locations":[{"start":{"line":17,"column":18},"end":{"line":17,"column":32}}],"line":17}},"s":{"0":0,"1":1},"f":{"0":0},"b":{"0":[0],"1":[0]},"_coverageSchema":"1a1c01bbd47fc00a2c39e90264f33305004495a9","hash":"0169c07e95987df0099ea70b92fb471bf42cf16a"}
,"/Users/thierno/Documents/cadum/MenuM/components/common/Buttons/IconButton.tsx": {"path":"/Users/thierno/Documents/cadum/MenuM/components/common/Buttons/IconButton.tsx","statementMap":{"0":{"start":{"line":20,"column":2},"end":{"line":35,"column":4}},"1":{"start":{"line":38,"column":15},"end":{"line":44,"column":2}}},"fnMap":{"0":{"name":"IconButton","decl":{"start":{"line":14,"column":24},"end":{"line":14,"column":34}},"loc":{"start":{"line":19,"column":22},"end":{"line":36,"column":1}},"line":19}},"branchMap":{"0":{"loc":{"start":{"line":16,"column":2},"end":{"line":16,"column":23}},"type":"default-arg","locations":[{"start":{"line":16,"column":9},"end":{"line":16,"column":23}}],"line":16},"1":{"loc":{"start":{"line":18,"column":2},"end":{"line":18,"column":38}},"type":"default-arg","locations":[{"start":{"line":18,"column":21},"end":{"line":18,"column":38}}],"line":18}},"s":{"0":7,"1":2},"f":{"0":7},"b":{"0":[4],"1":[4]},"_coverageSchema":"1a1c01bbd47fc00a2c39e90264f33305004495a9","hash":"eebbda0f89455180343d560dccef16c9872f2b99"}
,"/Users/thierno/Documents/cadum/MenuM/components/common/Buttons/SocialButton.tsx": {"path":"/Users/thierno/Documents/cadum/MenuM/components/common/Buttons/SocialButton.tsx","statementMap":{"0":{"start":{"line":30,"column":2},"end":{"line":34,"column":3}}},"fnMap":{"0":{"name":"SocialButton","decl":{"start":{"line":29,"column":24},"end":{"line":29,"column":36}},"loc":{"start":{"line":29,"column":70},"end":{"line":35,"column":1}},"line":29}},"branchMap":{},"s":{"0":0},"f":{"0":0},"b":{}}
,"/Users/thierno/Documents/cadum/MenuM/components/common/Cards/ArticleCard.tsx": {"path":"/Users/thierno/Documents/cadum/MenuM/components/common/Cards/ArticleCard.tsx","statementMap":{"0":{"start":{"line":10,"column":2},"end":{"line":14,"column":3}}},"fnMap":{"0":{"name":"ArticleCard","decl":{"start":{"line":9,"column":24},"end":{"line":9,"column":35}},"loc":{"start":{"line":9,"column":38},"end":{"line":15,"column":1}},"line":9}},"branchMap":{},"s":{"0":0},"f":{"0":0},"b":{}}
,"/Users/thierno/Documents/cadum/MenuM/components/common/Cards/CafeCard.tsx": {"path":"/Users/thierno/Documents/cadum/MenuM/components/common/Cards/CafeCard.tsx","statementMap":{"0":{"start":{"line":35,"column":21},"end":{"line":46,"column":1}},"1":{"start":{"line":82,"column":2},"end":{"line":146,"column":4}},"2":{"start":{"line":84,"column":21},"end":{"line":84,"column":49}},"3":{"start":{"line":149,"column":15},"end":{"line":180,"column":2}}},"fnMap":{"0":{"name":"CafeCard","decl":{"start":{"line":72,"column":24},"end":{"line":72,"column":32}},"loc":{"start":{"line":81,"column":18},"end":{"line":147,"column":1}},"line":81},"1":{"name":"(anonymous_1)","decl":{"start":{"line":84,"column":15},"end":{"line":84,"column":16}},"loc":{"start":{"line":84,"column":21},"end":{"line":84,"column":49}},"line":84}},"branchMap":{"0":{"loc":{"start":{"line":79,"column":2},"end":{"line":79,"column":17}},"type":"default-arg","locations":[{"start":{"line":79,"column":9},"end":{"line":79,"column":17}}],"line":79},"1":{"loc":{"start":{"line":80,"column":2},"end":{"line":80,"column":23}},"type":"default-arg","locations":[{"start":{"line":80,"column":9},"end":{"line":80,"column":23}}],"line":80},"2":{"loc":{"start":{"line":90,"column":18},"end":{"line":90,"column":69}},"type":"cond-expr","locations":[{"start":{"line":90,"column":26},"end":{"line":90,"column":40}},{"start":{"line":90,"column":43},"end":{"line":90,"column":69}}],"line":90},"3":{"loc":{"start":{"line":116,"column":16},"end":{"line":120,"column":37}},"type":"cond-expr","locations":[{"start":{"line":117,"column":20},"end":{"line":117,"column":39}},{"start":{"line":118,"column":20},"end":{"line":120,"column":37}}],"line":116},"4":{"loc":{"start":{"line":118,"column":20},"end":{"line":120,"column":37}},"type":"cond-expr","locations":[{"start":{"line":119,"column":20},"end":{"line":119,"column":40}},{"start":{"line":120,"column":20},"end":{"line":120,"column":37}}],"line":118},"5":{"loc":{"start":{"line":123,"column":16},"end":{"line":127,"column":37}},"type":"cond-expr","locations":[{"start":{"line":124,"column":20},"end":{"line":124,"column":39}},{"start":{"line":125,"column":20},"end":{"line":127,"column":37}}],"line":123},"6":{"loc":{"start":{"line":125,"column":20},"end":{"line":127,"column":37}},"type":"cond-expr","locations":[{"start":{"line":126,"column":20},"end":{"line":126,"column":40}},{"start":{"line":127,"column":20},"end":{"line":127,"column":37}}],"line":125}},"s":{"0":1,"1":10,"2":1,"3":1},"f":{"0":10,"1":1},"b":{"0":[7],"1":[0],"2":[1,9],"3":[8,2],"4":[1,1],"5":[8,2],"6":[1,1]},"_coverageSchema":"1a1c01bbd47fc00a2c39e90264f33305004495a9","hash":"53df2a2f5dfc870cfefeabd3f18426b584f59c97"}
,"/Users/thierno/Documents/cadum/MenuM/components/common/Inputs/Search.tsx": {"path":"/Users/thierno/Documents/cadum/MenuM/components/common/Inputs/Search.tsx","statementMap":{"0":{"start":{"line":20,"column":2},"end":{"line":52,"column":4}},"1":{"start":{"line":55,"column":15},"end":{"line":72,"column":2}}},"fnMap":{"0":{"name":"SearchBar","decl":{"start":{"line":15,"column":24},"end":{"line":15,"column":33}},"loc":{"start":{"line":19,"column":19},"end":{"line":53,"column":1}},"line":19}},"branchMap":{"0":{"loc":{"start":{"line":16,"column":2},"end":{"line":16,"column":49}},"type":"default-arg","locations":[{"start":{"line":16,"column":16},"end":{"line":16,"column":49}}],"line":16}},"s":{"0":6,"1":1},"f":{"0":6},"b":{"0":[0]},"_coverageSchema":"1a1c01bbd47fc00a2c39e90264f33305004495a9","hash":"9a594e54a045aeeec5a3d64da3eff57028537b05"}
,"/Users/thierno/Documents/cadum/MenuM/components/layouts/CardScrollableLayout.tsx": {"path":"/Users/thierno/Documents/cadum/MenuM/components/layouts/CardScrollableLayout.tsx","statementMap":{"0":{"start":{"line":96,"column":2},"end":{"line":167,"column":4}},"1":{"start":{"line":170,"column":15},"end":{"line":179,"column":1}}},"fnMap":{"0":{"name":"CardScrollableLayout","decl":{"start":{"line":82,"column":24},"end":{"line":82,"column":44}},"loc":{"start":{"line":95,"column":30},"end":{"line":168,"column":1}},"line":95}},"branchMap":{"0":{"loc":{"start":{"line":85,"column":2},"end":{"line":85,"column":21}},"type":"default-arg","locations":[{"start":{"line":85,"column":20},"end":{"line":85,"column":21}}],"line":85},"1":{"loc":{"start":{"line":86,"column":2},"end":{"line":86,"column":24}},"type":"default-arg","locations":[{"start":{"line":86,"column":23},"end":{"line":86,"column":24}}],"line":86},"2":{"loc":{"start":{"line":87,"column":2},"end":{"line":87,"column":20}},"type":"default-arg","locations":[{"start":{"line":87,"column":19},"end":{"line":87,"column":20}}],"line":87},"3":{"loc":{"start":{"line":88,"column":2},"end":{"line":88,"column":23}},"type":"default-arg","locations":[{"start":{"line":88,"column":22},"end":{"line":88,"column":23}}],"line":88},"4":{"loc":{"start":{"line":89,"column":2},"end":{"line":89,"column":20}},"type":"default-arg","locations":[{"start":{"line":89,"column":15},"end":{"line":89,"column":20}}],"line":89},"5":{"loc":{"start":{"line":90,"column":2},"end":{"line":90,"column":23}},"type":"default-arg","locations":[{"start":{"line":90,"column":18},"end":{"line":90,"column":23}}],"line":90},"6":{"loc":{"start":{"line":91,"column":2},"end":{"line":91,"column":19}},"type":"default-arg","locations":[{"start":{"line":91,"column":18},"end":{"line":91,"column":19}}],"line":91},"7":{"loc":{"start":{"line":92,"column":2},"end":{"line":92,"column":20}},"type":"default-arg","locations":[{"start":{"line":92,"column":19},"end":{"line":92,"column":20}}],"line":92},"8":{"loc":{"start":{"line":93,"column":2},"end":{"line":93,"column":27}},"type":"default-arg","locations":[{"start":{"line":93,"column":14},"end":{"line":93,"column":27}}],"line":93},"9":{"loc":{"start":{"line":94,"column":2},"end":{"line":94,"column":15}},"type":"default-arg","locations":[{"start":{"line":94,"column":11},"end":{"line":94,"column":15}}],"line":94},"10":{"loc":{"start":{"line":99,"column":7},"end":{"line":112,"column":7}},"type":"cond-expr","locations":[{"start":{"line":100,"column":8},"end":{"line":104,"column":10}},{"start":{"line":107,"column":8},"end":{"line":111,"column":10}}],"line":99},"11":{"loc":{"start":{"line":115,"column":7},"end":{"line":126,"column":7}},"type":"binary-expr","locations":[{"start":{"line":115,"column":7},"end":{"line":115,"column":12}},{"start":{"line":116,"column":8},"end":{"line":125,"column":15}}],"line":115},"12":{"loc":{"start":{"line":128,"column":7},"end":{"line":157,"column":7}},"type":"cond-expr","locations":[{"start":{"line":129,"column":8},"end":{"line":142,"column":11}},{"start":{"line":145,"column":8},"end":{"line":156,"column":15}}],"line":128},"13":{"loc":{"start":{"line":160,"column":7},"end":{"line":165,"column":7}},"type":"cond-expr","locations":[{"start":{"line":161,"column":8},"end":{"line":161,"column":49}},{"start":{"line":164,"column":8},"end":{"line":164,"column":60}}],"line":160}},"s":{"0":0,"1":0},"f":{"0":0},"b":{"0":[0],"1":[0],"2":[0],"3":[0],"4":[0],"5":[0],"6":[0],"7":[0],"8":[0],"9":[0],"10":[0,0],"11":[0,0],"12":[0,0],"13":[0,0]}}
,"/Users/thierno/Documents/cadum/MenuM/components/layouts/FilterModalLayout.tsx": {"path":"/Users/thierno/Documents/cadum/MenuM/components/layouts/FilterModalLayout.tsx","statementMap":{"0":{"start":{"line":31,"column":28},"end":{"line":31,"column":55}},"1":{"start":{"line":32,"column":28},"end":{"line":32,"column":55}},"2":{"start":{"line":34,"column":2},"end":{"line":43,"column":4}},"3":{"start":{"line":47,"column":15},"end":{"line":57,"column":2}}},"fnMap":{"0":{"name":"InfoModalLayout","decl":{"start":{"line":16,"column":24},"end":{"line":16,"column":39}},"loc":{"start":{"line":33,"column":25},"end":{"line":44,"column":1}},"line":33},"1":{"name":"(anonymous_1)","decl":{"start":{"line":31,"column":22},"end":{"line":31,"column":23}},"loc":{"start":{"line":31,"column":28},"end":{"line":31,"column":55}},"line":31},"2":{"name":"(anonymous_2)","decl":{"start":{"line":32,"column":22},"end":{"line":32,"column":23}},"loc":{"start":{"line":32,"column":28},"end":{"line":32,"column":55}},"line":32}},"branchMap":{"0":{"loc":{"start":{"line":18,"column":2},"end":{"line":30,"column":3}},"type":"default-arg","locations":[{"start":{"line":19,"column":4},"end":{"line":29,"column":11}}],"line":18},"1":{"loc":{"start":{"line":31,"column":2},"end":{"line":31,"column":55}},"type":"default-arg","locations":[{"start":{"line":31,"column":22},"end":{"line":31,"column":55}}],"line":31},"2":{"loc":{"start":{"line":32,"column":2},"end":{"line":32,"column":55}},"type":"default-arg","locations":[{"start":{"line":32,"column":22},"end":{"line":32,"column":55}}],"line":32}},"s":{"0":0,"1":0,"2":0,"3":1},"f":{"0":0,"1":0,"2":0},"b":{"0":[0],"1":[0],"2":[0]},"_coverageSchema":"1a1c01bbd47fc00a2c39e90264f33305004495a9","hash":"6c4e054adb7211ec0c91370d752dda12a049eed4"}
,"/Users/thierno/Documents/cadum/MenuM/components/layouts/GlobalModal.tsx": {"path":"/Users/thierno/Documents/cadum/MenuM/components/layouts/GlobalModal.tsx","statementMap":{"0":{"start":{"line":20,"column":21},"end":{"line":20,"column":65}},"1":{"start":{"line":22,"column":24},"end":{"line":22,"column":54}},"2":{"start":{"line":22,"column":30},"end":{"line":22,"column":54}},"3":{"start":{"line":24,"column":35},"end":{"line":70,"column":1}},"4":{"start":{"line":29,"column":36},"end":{"line":29,"column":51}},"5":{"start":{"line":30,"column":38},"end":{"line":30,"column":69}},"6":{"start":{"line":31,"column":20},"end":{"line":31,"column":59}},"7":{"start":{"line":33,"column":20},"end":{"line":41,"column":3}},"8":{"start":{"line":34,"column":4},"end":{"line":34,"column":24}},"9":{"start":{"line":35,"column":4},"end":{"line":35,"column":23}},"10":{"start":{"line":36,"column":4},"end":{"line":40,"column":15}},"11":{"start":{"line":43,"column":21},"end":{"line":52,"column":3}},"12":{"start":{"line":44,"column":4},"end":{"line":51,"column":7}},"13":{"start":{"line":49,"column":6},"end":{"line":49,"column":26}},"14":{"start":{"line":50,"column":6},"end":{"line":50,"column":26}},"15":{"start":{"line":54,"column":2},"end":{"line":69,"column":4}},"16":{"start":{"line":72,"column":15},"end":{"line":105,"column":2}}},"fnMap":{"0":{"name":"(anonymous_0)","decl":{"start":{"line":22,"column":24},"end":{"line":22,"column":25}},"loc":{"start":{"line":22,"column":30},"end":{"line":22,"column":54}},"line":22},"1":{"name":"(anonymous_1)","decl":{"start":{"line":24,"column":35},"end":{"line":24,"column":36}},"loc":{"start":{"line":28,"column":6},"end":{"line":70,"column":1}},"line":28},"2":{"name":"(anonymous_2)","decl":{"start":{"line":33,"column":20},"end":{"line":33,"column":21}},"loc":{"start":{"line":33,"column":47},"end":{"line":41,"column":3}},"line":33},"3":{"name":"(anonymous_3)","decl":{"start":{"line":43,"column":21},"end":{"line":43,"column":22}},"loc":{"start":{"line":43,"column":27},"end":{"line":52,"column":3}},"line":43},"4":{"name":"(anonymous_4)","decl":{"start":{"line":48,"column":13},"end":{"line":48,"column":14}},"loc":{"start":{"line":48,"column":19},"end":{"line":51,"column":5}},"line":48}},"branchMap":{},"s":{"0":2,"1":2,"2":13,"3":2,"4":0,"5":0,"6":0,"7":0,"8":0,"9":0,"10":0,"11":0,"12":0,"13":0,"14":0,"15":0,"16":2},"f":{"0":13,"1":0,"2":0,"3":0,"4":0},"b":{},"_coverageSchema":"1a1c01bbd47fc00a2c39e90264f33305004495a9","hash":"adb34a756b653914d4045a2b62ca2c699d279c20"}
,"/Users/thierno/Documents/cadum/MenuM/components/layouts/HeaderLayout.tsx": {"path":"/Users/thierno/Documents/cadum/MenuM/components/layouts/HeaderLayout.tsx","statementMap":{"0":{"start":{"line":10,"column":20},"end":{"line":13,"column":1}},"1":{"start":{"line":16,"column":2},"end":{"line":24,"column":4}},"2":{"start":{"line":27,"column":15},"end":{"line":39,"column":2}}},"fnMap":{"0":{"name":"HeaderLayout","decl":{"start":{"line":15,"column":24},"end":{"line":15,"column":36}},"loc":{"start":{"line":15,"column":39},"end":{"line":25,"column":1}},"line":15}},"branchMap":{},"s":{"0":1,"1":4,"2":1},"f":{"0":4},"b":{},"_coverageSchema":"1a1c01bbd47fc00a2c39e90264f33305004495a9","hash":"8ba3e09ee6f7134d4ba9dc33aa424853ddbe311d"}
,"/Users/thierno/Documents/cadum/MenuM/components/layouts/InfoModalLayout.tsx": {"path":"/Users/thierno/Documents/cadum/MenuM/components/layouts/InfoModalLayout.tsx","statementMap":{"0":{"start":{"line":20,"column":23},"end":{"line":20,"column":43}},"1":{"start":{"line":22,"column":2},"end":{"line":28,"column":4}},"2":{"start":{"line":32,"column":15},"end":{"line":42,"column":2}}},"fnMap":{"0":{"name":"InfoModalLayout","decl":{"start":{"line":16,"column":24},"end":{"line":16,"column":39}},"loc":{"start":{"line":21,"column":25},"end":{"line":29,"column":1}},"line":21},"1":{"name":"(anonymous_1)","decl":{"start":{"line":20,"column":17},"end":{"line":20,"column":18}},"loc":{"start":{"line":20,"column":23},"end":{"line":20,"column":43}},"line":20}},"branchMap":{"0":{"loc":{"start":{"line":18,"column":2},"end":{"line":18,"column":162}},"type":"default-arg","locations":[{"start":{"line":18,"column":13},"end":{"line":18,"column":162}}],"line":18},"1":{"loc":{"start":{"line":19,"column":2},"end":{"line":19,"column":22}},"type":"default-arg","locations":[{"start":{"line":19,"column":14},"end":{"line":19,"column":22}}],"line":19},"2":{"loc":{"start":{"line":20,"column":2},"end":{"line":20,"column":43}},"type":"default-arg","locations":[{"start":{"line":20,"column":17},"end":{"line":20,"column":43}}],"line":20}},"s":{"0":0,"1":0,"2":1},"f":{"0":0,"1":0},"b":{"0":[0],"1":[0],"2":[0]},"_coverageSchema":"1a1c01bbd47fc00a2c39e90264f33305004495a9","hash":"cf8d6916a60ef5576114fb0c4d6cfe3a61c60849"}
,"/Users/thierno/Documents/cadum/MenuM/components/layouts/OnboardingLayout.tsx": {"path":"/Users/thierno/Documents/cadum/MenuM/components/layouts/OnboardingLayout.tsx","statementMap":{"0":{"start":{"line":32,"column":2},"end":{"line":39,"column":3}}},"fnMap":{"0":{"name":"OnboardingLayout","decl":{"start":{"line":27,"column":24},"end":{"line":27,"column":40}},"loc":{"start":{"line":31,"column":28},"end":{"line":40,"column":1}},"line":31}},"branchMap":{},"s":{"0":0},"f":{"0":0},"b":{}}
,"/Users/thierno/Documents/cadum/MenuM/components/layouts/ScrollableLayout.tsx": {"path":"/Users/thierno/Documents/cadum/MenuM/components/layouts/ScrollableLayout.tsx","statementMap":{"0":{"start":{"line":17,"column":2},"end":{"line":26,"column":4}}},"fnMap":{"0":{"name":"ScrollableLayout","decl":{"start":{"line":12,"column":24},"end":{"line":12,"column":40}},"loc":{"start":{"line":16,"column":26},"end":{"line":27,"column":1}},"line":16}},"branchMap":{"0":{"loc":{"start":{"line":14,"column":2},"end":{"line":14,"column":26}},"type":"default-arg","locations":[{"start":{"line":14,"column":21},"end":{"line":14,"column":26}}],"line":14}},"s":{"0":0},"f":{"0":0},"b":{"0":[0]}}
,"/Users/thierno/Documents/cadum/MenuM/constants/Colors.ts": {"path":"/Users/thierno/Documents/cadum/MenuM/constants/Colors.ts","statementMap":{"0":{"start":{"line":1,"column":15},"end":{"line":16,"column":1}}},"fnMap":{},"branchMap":{},"s":{"0":7},"f":{},"b":{},"_coverageSchema":"1a1c01bbd47fc00a2c39e90264f33305004495a9","hash":"0e3ae0896eddb34557bf68d805d292de03ab9aa9"}
,"/Users/thierno/Documents/cadum/MenuM/constants/Spacing.ts": {"path":"/Users/thierno/Documents/cadum/MenuM/constants/Spacing.ts","statementMap":{"0":{"start":{"line":30,"column":29},"end":{"line":50,"column":1}}},"fnMap":{},"branchMap":{},"s":{"0":7},"f":{},"b":{},"_coverageSchema":"1a1c01bbd47fc00a2c39e90264f33305004495a9","hash":"38856dfd6c7868eb1a2d6531acfcc36b38a76b47"}
,"/Users/thierno/Documents/cadum/MenuM/constants/Typography.ts": {"path":"/Users/thierno/Documents/cadum/MenuM/constants/Typography.ts","statementMap":{"0":{"start":{"line":3,"column":15},"end":{"line":70,"column":2}},"1":{"start":{"line":77,"column":19},"end":{"line":111,"column":1}}},"fnMap":{},"branchMap":{},"s":{"0":6,"1":6},"f":{},"b":{},"_coverageSchema":"1a1c01bbd47fc00a2c39e90264f33305004495a9","hash":"3355c575a60e22afbb56efed2611fc10e384dc93"}
,"/Users/thierno/Documents/cadum/MenuM/scripts/reset-project.js": {"path":"/Users/thierno/Documents/cadum/MenuM/scripts/reset-project.js","statementMap":{"0":{"start":{"line":9,"column":11},"end":{"line":9,"column":24}},"1":{"start":{"line":10,"column":13},"end":{"line":10,"column":28}},"2":{"start":{"line":12,"column":13},"end":{"line":12,"column":26}},"3":{"start":{"line":13,"column":16},"end":{"line":13,"column":70}},"4":{"start":{"line":14,"column":15},"end":{"line":14,"column":28}},"5":{"start":{"line":15,"column":18},"end":{"line":15,"column":23}},"6":{"start":{"line":16,"column":19},"end":{"line":16,"column":42}},"7":{"start":{"line":18,"column":21},"end":{"line":33,"column":1}},"8":{"start":{"line":35,"column":22},"end":{"line":40,"column":1}},"9":{"start":{"line":42,"column":24},"end":{"line":82,"column":1}},"10":{"start":{"line":43,"column":2},"end":{"line":81,"column":3}},"11":{"start":{"line":45,"column":4},"end":{"line":45,"column":61}},"12":{"start":{"line":46,"column":4},"end":{"line":46,"column":52}},"13":{"start":{"line":49,"column":4},"end":{"line":58,"column":5}},"14":{"start":{"line":50,"column":25},"end":{"line":50,"column":45}},"15":{"start":{"line":51,"column":25},"end":{"line":51,"column":53}},"16":{"start":{"line":52,"column":6},"end":{"line":57,"column":7}},"17":{"start":{"line":53,"column":8},"end":{"line":53,"column":57}},"18":{"start":{"line":54,"column":8},"end":{"line":54,"column":62}},"19":{"start":{"line":56,"column":8},"end":{"line":56,"column":60}},"20":{"start":{"line":61,"column":26},"end":{"line":61,"column":52}},"21":{"start":{"line":62,"column":4},"end":{"line":62,"column":64}},"22":{"start":{"line":63,"column":4},"end":{"line":63,"column":52}},"23":{"start":{"line":66,"column":22},"end":{"line":66,"column":59}},"24":{"start":{"line":67,"column":4},"end":{"line":67,"column":57}},"25":{"start":{"line":68,"column":4},"end":{"line":68,"column":45}},"26":{"start":{"line":71,"column":23},"end":{"line":71,"column":62}},"27":{"start":{"line":72,"column":4},"end":{"line":72,"column":59}},"28":{"start":{"line":73,"column":4},"end":{"line":73,"column":47}},"29":{"start":{"line":75,"column":4},"end":{"line":75,"column":59}},"30":{"start":{"line":76,"column":4},"end":{"line":78,"column":6}},"31":{"start":{"line":80,"column":4},"end":{"line":80,"column":61}},"32":{"start":{"line":84,"column":0},"end":{"line":84,"column":18}}},"fnMap":{"0":{"name":"(anonymous_0)","decl":{"start":{"line":42,"column":24},"end":{"line":42,"column":25}},"loc":{"start":{"line":42,"column":36},"end":{"line":82,"column":1}},"line":42}},"branchMap":{"0":{"loc":{"start":{"line":52,"column":6},"end":{"line":57,"column":7}},"type":"if","locations":[{"start":{"line":52,"column":6},"end":{"line":57,"column":7}},{"start":{"line":55,"column":13},"end":{"line":57,"column":7}}],"line":52}},"s":{"0":0,"1":0,"2":0,"3":0,"4":0,"5":0,"6":0,"7":0,"8":0,"9":0,"10":0,"11":0,"12":0,"13":0,"14":0,"15":0,"16":0,"17":0,"18":0,"19":0,"20":0,"21":0,"22":0,"23":0,"24":0,"25":0,"26":0,"27":0,"28":0,"29":0,"30":0,"31":0,"32":0},"f":{"0":0},"b":{"0":[0,0]}}
}
