TN:
SF:app/_layout.tsx
FN:14,RootLayout
FN:54,(anonymous_1)
FNF:2
FNH:0
FNDA:0,RootLayout
FNDA:0,(anonymous_1)
DA:12,0
DA:15,0
DA:54,0
DA:55,0
DA:56,0
DA:60,0
DA:61,0
DA:64,0
LF:8
LH:0
BRDA:55,0,0,0
BRDA:55,0,1,0
BRDA:55,1,0,0
BRDA:55,1,1,0
BRDA:60,2,0,0
BRDA:60,2,1,0
BRDA:60,3,0,0
BRDA:60,3,1,0
BRF:8
BRH:0
end_of_record
TN:
SF:app/(auth)/_layout.tsx
FN:7,OnboardingLayout
FNF:1
FNH:0
FNDA:0,OnboardingLayout
DA:8,0
LF:1
LH:0
BRF:0
BRH:0
end_of_record
TN:
SF:app/(auth)/sign-in.tsx
FN:5,SignInScreen
FNF:1
FNH:0
FNDA:0,SignInScreen
DA:6,0
LF:1
LH:0
BRF:0
BRH:0
end_of_record
TN:
SF:app/(auth)/sign-up.tsx
FN:5,SignUpScreen
FNF:1
FNH:0
FNDA:0,SignUpScreen
DA:6,0
LF:1
LH:0
BRF:0
BRH:0
end_of_record
TN:
SF:app/(main)/_layout.tsx
FN:7,TabLayout
FN:15,(anonymous_1)
FN:24,(anonymous_2)
FN:33,(anonymous_3)
FN:42,(anonymous_4)
FNF:5
FNH:0
FNDA:0,TabLayout
FNDA:0,(anonymous_1)
FNDA:0,(anonymous_2)
FNDA:0,(anonymous_3)
FNDA:0,(anonymous_4)
DA:8,0
DA:15,0
DA:24,0
DA:33,0
DA:42,0
LF:5
LH:0
BRF:0
BRH:0
end_of_record
TN:
SF:app/(main)/favoris.tsx
FN:5,FavorisScreen
FNF:1
FNH:0
FNDA:0,FavorisScreen
DA:6,0
LF:1
LH:0
BRF:0
BRH:0
end_of_record
TN:
SF:app/(main)/index.tsx
FN:24,HomeScreen
FN:39,handleSearch
FN:43,handleFilter
FNF:3
FNH:0
FNDA:0,HomeScreen
FNDA:0,handleSearch
FNDA:0,handleFilter
DA:36,0
DA:37,0
DA:40,0
DA:44,0
DA:47,0
DA:72,0
LF:6
LH:0
BRDA:37,0,0,0
BRDA:37,0,1,0
BRF:2
BRH:0
end_of_record
TN:
SF:app/(main)/pannier.tsx
FN:5,PannierScreen
FNF:1
FNH:0
FNDA:0,PannierScreen
DA:6,0
LF:1
LH:0
BRF:0
BRH:0
end_of_record
TN:
SF:app/(main)/parametre.tsx
FN:5,ParametreScreen
FNF:1
FNH:0
FNDA:0,ParametreScreen
DA:6,0
LF:1
LH:0
BRF:0
BRH:0
end_of_record
TN:
SF:app/(main)/cafe/[id].tsx
FN:7,CafeScreen
FNF:1
FNH:0
FNDA:0,CafeScreen
DA:8,0
DA:10,0
LF:2
LH:0
BRF:0
BRH:0
end_of_record
TN:
SF:app/(main)/cafe/article/[articleId].tsx
FN:7,ArticleScreen
FNF:1
FNH:0
FNDA:0,ArticleScreen
DA:8,0
DA:9,0
DA:10,0
LF:3
LH:0
BRF:0
BRH:0
end_of_record
TN:
SF:app/(onboarding)/_layout.tsx
FN:7,OnboardingLayout
FNF:1
FNH:0
FNDA:0,OnboardingLayout
DA:8,0
LF:1
LH:0
BRF:0
BRH:0
end_of_record
TN:
SF:app/(onboarding)/first-onboarding.tsx
FN:6,FirstOnboardingScreen
FNF:1
FNH:0
FNDA:0,FirstOnboardingScreen
DA:7,0
LF:1
LH:0
BRF:0
BRH:0
end_of_record
TN:
SF:app/(onboarding)/second-onboarding.tsx
FN:6,SecondOnboardingScreen
FNF:1
FNH:0
FNDA:0,SecondOnboardingScreen
DA:7,0
LF:1
LH:0
BRF:0
BRH:0
end_of_record
TN:
SF:app/(onboarding)/third-onboarding.tsx
FN:5,ThirdOnboardingScreen
FNF:1
FNH:0
FNDA:0,ThirdOnboardingScreen
DA:6,0
LF:1
LH:0
BRF:0
BRH:0
end_of_record
TN:
SF:components/common/OnboardingStatus.tsx
FN:33,OnboardingStatusBar
FNF:1
FNH:0
FNDA:0,OnboardingStatusBar
DA:34,0
LF:1
LH:0
BRF:0
BRH:0
end_of_record
TN:
SF:components/common/Options.tsx
FN:9,Options
FNF:1
FNH:0
FNDA:0,Options
DA:10,0
LF:1
LH:0
BRF:0
BRH:0
end_of_record
TN:
SF:components/common/SelectLocalisation.tsx
FN:20,SelectLocalisation
FN:24,handlePress
FNF:2
FNH:2
FNDA:3,SelectLocalisation
FNDA:1,handlePress
DA:25,1
DA:27,3
DA:58,1
LF:3
LH:3
BRF:0
BRH:0
end_of_record
TN:
SF:components/common/Tooltip.tsx
FN:9,Tooltip
FNF:1
FNH:0
FNDA:0,Tooltip
DA:10,0
LF:1
LH:0
BRF:0
BRH:0
end_of_record
TN:
SF:components/common/Auth/AccountInfo.tsx
FN:13,AccountInfo
FNF:1
FNH:1
FNDA:8,AccountInfo
DA:18,8
DA:33,2
LF:2
LH:2
BRDA:14,0,0,4
BRF:1
BRH:1
end_of_record
TN:
SF:components/common/Buttons/Button.tsx
FN:33,Button
FNF:1
FNH:0
FNDA:0,Button
DA:34,0
LF:1
LH:0
BRF:0
BRH:0
end_of_record
TN:
SF:components/common/Buttons/IconButton.tsx
FN:13,IconButton
FNF:1
FNH:1
FNDA:7,IconButton
DA:18,7
DA:36,2
LF:2
LH:2
BRDA:14,0,0,4
BRDA:16,1,0,4
BRF:2
BRH:2
end_of_record
TN:
SF:components/common/Buttons/SocialButton.tsx
FN:29,SocialButton
FNF:1
FNH:0
FNDA:0,SocialButton
DA:30,0
LF:1
LH:0
BRF:0
BRH:0
end_of_record
TN:
SF:components/common/Cards/ArticleCard.tsx
FN:9,ArticleCard
FNF:1
FNH:0
FNDA:0,ArticleCard
DA:10,0
LF:1
LH:0
BRF:0
BRH:0
end_of_record
TN:
SF:components/common/Cards/CafeCard.tsx
FN:9,CafeCard
FNF:1
FNH:0
FNDA:0,CafeCard
DA:10,0
LF:1
LH:0
BRF:0
BRH:0
end_of_record
TN:
SF:components/common/Inputs/Input.tsx
FN:4,Input
FNF:1
FNH:0
FNDA:0,Input
DA:5,0
LF:1
LH:0
BRF:0
BRH:0
end_of_record
TN:
SF:components/common/Inputs/Search.tsx
FN:15,SearchBar
FNF:1
FNH:1
FNDA:6,SearchBar
DA:20,6
DA:55,1
LF:2
LH:2
BRDA:16,0,0,0
BRF:1
BRH:0
end_of_record
TN:
SF:components/layouts/HeaderLayout.tsx
FN:14,HeaderLayout
FNF:1
FNH:1
FNDA:4,HeaderLayout
DA:9,1
DA:15,4
DA:26,1
LF:3
LH:3
BRF:0
BRH:0
end_of_record
TN:
SF:components/layouts/HorizontalCardScrollable.tsx
FN:26,HorizontalCardScrollableLayout
FNF:1
FNH:0
FNDA:0,HorizontalCardScrollableLayout
DA:32,0
LF:1
LH:0
BRDA:34,0,0,0
BRDA:34,0,1,0
BRF:2
BRH:0
end_of_record
TN:
SF:components/layouts/OnboardingLayout.tsx
FN:27,OnboardingLayout
FNF:1
FNH:0
FNDA:0,OnboardingLayout
DA:32,0
LF:1
LH:0
BRF:0
BRH:0
end_of_record
TN:
SF:components/layouts/ScrollableLayout.tsx
FN:8,ScrollableLayout
FNF:1
FNH:0
FNDA:0,ScrollableLayout
DA:9,0
LF:1
LH:0
BRF:0
BRH:0
end_of_record
TN:
SF:constants/Colors.ts
FNF:0
FNH:0
DA:1,5
LF:1
LH:1
BRF:0
BRH:0
end_of_record
TN:
SF:constants/Spacing.ts
FNF:0
FNH:0
DA:30,5
LF:1
LH:1
BRF:0
BRH:0
end_of_record
TN:
SF:constants/Typography.ts
FNF:0
FNH:0
DA:3,4
DA:77,4
LF:2
LH:2
BRF:0
BRH:0
end_of_record
TN:
SF:scripts/reset-project.js
FN:42,(anonymous_0)
FNF:1
FNH:0
FNDA:0,(anonymous_0)
DA:9,0
DA:10,0
DA:12,0
DA:13,0
DA:14,0
DA:15,0
DA:16,0
DA:18,0
DA:35,0
DA:42,0
DA:43,0
DA:45,0
DA:46,0
DA:49,0
DA:50,0
DA:51,0
DA:52,0
DA:53,0
DA:54,0
DA:56,0
DA:61,0
DA:62,0
DA:63,0
DA:66,0
DA:67,0
DA:68,0
DA:71,0
DA:72,0
DA:73,0
DA:75,0
DA:76,0
DA:80,0
DA:84,0
LF:33
LH:0
BRDA:52,0,0,0
BRDA:52,0,1,0
BRF:2
BRH:0
end_of_record
